number,value,state,params_lambda,params_n_lags,params_window_size,user_attrs_kappa,user_attrs_kappa_tstat,user_attrs_r2_stage1,user_attrs_r2_stage2
0,-2.180994940204073e-09,COMPLETE,0.0015244386293093984,4,140,1.3032493168157794e-07,2.1850495894584617e-06,0.1991653851020671,-2.180994940204073e-09
1,-5.354801269064069e-08,COMPLETE,0.00037730376399260323,19,230,2.343668530162572e-06,7.628120528759446e-05,0.8771555739644673,-5.354801269064069e-08
2,-1.704536511937249e-09,COMPLETE,0.003163567379362874,12,160,1.583748485908061e-06,7.547170322627296e-06,0.014107006448143111,-1.704536511937249e-09
3,0.0006257024969459346,COMPLETE,0.002138413627601193,7,370,0.46020210162119585,1.801130839599514,0.0012610430518539095,0.0006257024969459346
4,0.0001020739675634541,COMPLETE,0.00013495060837000533,19,160,0.011075397843821675,0.42155771730648045,0.9858704575503547,0.0001020739675634541
5,0.00033132317291062474,COMPLETE,0.0036017657298854575,23,200,0.2824475933312143,1.0331813601651711,0.0034421953033509822,0.00033132317291062474
6,-2.9084956665315076e-11,COMPLETE,5.131662120184541e-05,15,260,3.9325444264747095e-10,1.5861135906569674e-08,0.9949217731942394,-2.9084956665315076e-11
7,-1.941076033240563e-08,COMPLETE,0.00024139280063314574,9,290,2.1642294856962624e-07,8.20010922522302e-06,0.8931325307553187,-1.941076033240563e-08
8,-1.761625822993551e-08,COMPLETE,0.007321624437635286,10,50,2.4318299809572303e-06,1.42157875189117e-05,0.0014262579795631162,-1.761625822993551e-08
9,-4.096391892360884e-09,COMPLETE,0.00043771829195773406,23,40,4.31627972795749e-07,1.2782167920248096e-05,0.9607193323496714,-4.096391892360884e-09
10,-3.6935439151619676e-09,COMPLETE,2.4335470586631643e-05,5,160,4.8844252415126055e-08,2.4339900662846057e-06,0.9963743467316518,-3.6935439151619676e-09
11,5.8276792741174255e-05,COMPLETE,0.0006953525250816728,14,30,0.010772727429276732,0.330717887431581,0.9273695013123802,5.8276792741174255e-05
12,0.00011227774352040587,COMPLETE,0.0015865798384680496,10,220,0.035951398887540245,0.4467600636458945,0.11399126091486783,0.00011227774352040587
13,-3.7940983688145025e-11,COMPLETE,0.006123923122699619,24,20,5.564547609077498e-10,1.0826998710450527e-08,0.09590942401077876,-3.7940983688145025e-11
14,-3.0880181522974226e-08,COMPLETE,0.00010525210390401374,12,270,4.869496584453012e-06,0.00019479243148721637,0.9809527312564092,-3.0880181522974226e-08
15,0.00013654781179128772,COMPLETE,1.1948727858523273e-05,13,190,0.011635379586655227,0.48420691809812055,0.9976635816181423,0.00013654781179128772
16,3.8455451993879564e-05,COMPLETE,0.0010382566042086063,23,340,0.016077285296119063,0.24564143016085374,0.2762494054148933,3.8455451993879564e-05
17,0.00038233279001909093,COMPLETE,0.0003464391184258759,1,30,0.017323835591228375,0.8558822768782763,0.9397678036527178,0.00038233279001909093
18,-3.379636615008508e-08,COMPLETE,1.4033109828958161e-05,3,250,5.423008832439749e-07,3.943257244804052e-05,0.9970393265001338,-3.379636615008508e-08
19,0.000914687697125327,COMPLETE,0.0001586751430507608,21,10,0.028880755059691964,1.3388905732621572,0.8813135997478383,0.000914687697125327
20,-7.415690284062748e-11,COMPLETE,0.0004489648566377331,15,70,2.150199738115558e-09,6.61017480566684e-08,0.9450637910515182,-7.415690284062748e-11
21,-6.813810782269059e-08,COMPLETE,1.600706092747805e-05,24,130,2.4757667011647067e-06,9.126357994676086e-05,0.996278975464701,-6.813810782269059e-08
22,-3.8316658734771636e-09,COMPLETE,1.58077768677844e-05,20,340,4.0983537863589737e-07,1.6182521564238083e-05,0.9984041663507003,-3.8316658734771636e-09
23,-1.379141245649862e-11,COMPLETE,0.006393791827281557,4,180,0.5,,-0.002321675094298876,-1.379141245649862e-11
24,-3.975198836769778e-09,COMPLETE,0.0012333922901861813,8,100,1.0121300520717286e-07,2.5957107284817745e-06,0.5383206648836009,-3.975198836769778e-09
25,-6.418819253894981e-09,COMPLETE,0.00500851741923893,9,70,5.131071237638525e-07,3.6291016013924595e-06,0.017941338764002505,-6.418819253894981e-09
26,-4.796871566625782e-09,COMPLETE,0.00019034933210582667,21,130,1.4643906143237486e-07,5.0590645894258405e-06,0.9797957072706344,-4.796871566625782e-09
27,-1.7935438023641836e-08,COMPLETE,0.0003523952320612682,5,300,5.478619674643308e-07,1.93040574026082e-05,0.7173919175853324,-1.7935438023641836e-08
28,-1.9216603863725368e-09,COMPLETE,0.008094658999499196,10,310,0.5,,-0.0012348376408067676,-1.9216603863725368e-09
29,1.297284021584133e-05,COMPLETE,1.7384138574617233e-05,20,100,0.00418164643308761,0.1518215069520368,0.9950197190483372,1.297284021584133e-05
30,-1.8507880783502628e-08,COMPLETE,0.00046080149479908457,11,100,6.752213713478371e-07,2.328674274770888e-05,0.9132942096047115,-1.8507880783502628e-08
31,0.0005511387974159732,COMPLETE,0.0011964263711340536,18,200,0.04542988553993967,1.0035458485166977,0.368597127647612,0.0005511387974159732
32,0.0003342746747987402,COMPLETE,0.0007535857346445859,3,350,0.04556144136336218,0.7488925323666985,0.20318038224548868,0.0003342746747987402
33,7.718407416623663e-05,COMPLETE,0.00173295176944373,20,100,0.018830970543536295,0.3757470294345209,0.3974899262289252,7.718407416623663e-05
34,0.0018810482150416474,COMPLETE,0.007121366206860062,16,10,0.0660194809919073,1.9969317722419484,0.05367557582898374,0.0018810482150416474
35,-1.192379528447418e-13,COMPLETE,0.006172296510221336,19,350,0.5,,-0.0011357675162094055,-1.192379528447418e-13
36,0.0006757655381348648,COMPLETE,0.0015855191799825762,12,240,0.09213488023117625,1.1560797698021041,0.10062693253873628,0.0006757655381348648
37,-6.405598274028534e-10,COMPLETE,0.0017961134756347842,4,400,3.5474069031853116e-07,5.460266165146169e-07,0.0027774829583803173,-6.405598274028534e-10
38,0.00017019470752588362,COMPLETE,4.457973877640681e-05,14,110,0.013562660370511403,0.5544765270533825,0.9947973281473135,0.00017019470752588362
39,-1.1572720559627214e-10,COMPLETE,0.00012283902990436286,6,60,9.165647315118551e-10,3.611048876554836e-08,0.9857027066834259,-1.1572720559627214e-10
40,-1.7160717291631045e-11,COMPLETE,0.008509316151784015,12,340,0.5,,-0.0011560149083149635,-1.7160717291631045e-11
41,7.076909459446945e-05,COMPLETE,0.006276451118851213,14,50,0.04931224232304472,0.3768910382809836,0.016775070623888468,7.076909459446945e-05
42,-7.474618701763802e-10,COMPLETE,0.00034731157576180764,22,390,4.708928198490653e-08,1.4528286141398523e-06,0.8185539474364742,-7.474618701763802e-10
43,-1.3858492131646472e-10,COMPLETE,0.008308702528137604,13,110,0.5,,-0.004304592493528869,-1.3858492131646472e-10
44,-1.1061596083550285e-11,COMPLETE,0.00018016585796394726,7,340,1.1268412039182451e-10,4.93936025495896e-09,0.9020938302923404,-1.1061596083550285e-11
45,0.0002659777321728507,COMPLETE,0.0008926469497997592,21,200,0.026329705864979663,0.6827414101948164,0.5826959153580737,0.0002659777321728507
46,-8.768411663417908e-08,COMPLETE,1.6603234403259606e-05,21,260,2.4202239051158232e-06,9.842284398821182e-05,0.9981621645640771,-8.768411663417908e-08
47,-2.1137154249117884e-09,COMPLETE,5.689539669391822e-05,3,70,3.520485730716574e-08,1.5859612255233116e-06,0.990375886727397,-2.1137154249117884e-09
48,0.00017115974103609766,COMPLETE,0.0006524856814182404,13,390,0.023768402970547144,0.5152246097557149,0.45959989595032685,0.00017115974103609766
49,0.0007126627805619234,COMPLETE,0.005273170164725004,14,140,0.602192785460316,2.7919998144783276,-0.0016871484143216812,0.0007126627805619234
50,-8.505964599336835e-09,COMPLETE,2.921103244679824e-05,13,20,2.5510344714812215e-07,9.454355415518328e-06,0.9553399439005141,-8.505964599336835e-09
51,-8.569035347960607e-08,COMPLETE,0.0020227387754026367,8,110,3.5778114996453097e-06,5.745996726116189e-05,0.18645982872090366,-8.569035347960607e-08
52,-1.5502026329272667e-08,COMPLETE,0.0003105486677148717,8,70,1.1846230516170207e-06,4.351334141894935e-05,0.9633606704366897,-1.5502026329272667e-08
53,-1.5530085217818623e-08,COMPLETE,0.003910827540364241,7,200,4.402834906625658e-05,1.3759376995743544e-05,-0.0017252119572461553,-1.5530085217818623e-08
54,-6.5998317921867056e-12,COMPLETE,0.00011979635593570532,5,140,6.627808304149351e-11,3.067948662976931e-09,0.981531209957486,-6.5998317921867056e-12
55,0.0007159803033226497,COMPLETE,7.351097086377449e-05,22,10,0.025515215602859645,1.1798945638992386,0.8821514428336189,0.0007159803033226497
56,0.0010703335292876481,COMPLETE,8.459886902087835e-05,24,10,0.03151580606656916,1.4509109960782554,0.8822870523159595,0.0010703335292876481
57,0.0005929654843845888,COMPLETE,0.00011420615928933794,21,10,0.02343794187355996,1.0718396175111489,0.8818638902545802,0.0005929654843845888
58,0.0002488963528898269,COMPLETE,0.00010873409261632373,22,10,0.015290187521831422,0.6883776339102404,0.8818609869577666,0.0002488963528898269
59,0.0003607362940863945,COMPLETE,9.336632259010721e-05,22,10,0.018328395721320254,0.8313622964482831,0.8820014723160804,0.0003607362940863945
60,0.000717476691835639,COMPLETE,7.32013045969378e-05,22,10,0.0255365273480203,1.1811505868410384,0.8821535013749424,0.000717476691835639
61,-2.9795677036759116e-10,COMPLETE,2.6387549128681535e-05,24,20,3.419814724421461e-09,1.1748094191201058e-07,0.955363884030371,-2.9795677036759116e-10
62,9.567599689208617e-05,COMPLETE,3.931608487331615e-05,25,10,0.009933596830431551,0.42413453962186143,0.8825712732264253,9.567599689208617e-05
63,0.0009165818896336164,COMPLETE,2.2562796490288233e-05,25,10,0.03571713396084259,1.3492078130650431,0.8826177914825151,0.0009165818896336164
64,-5.585423235032749e-10,COMPLETE,0.006934344314255996,16,210,0.5,,-0.0019545061403761655,-5.585423235032749e-10
65,9.927413885835179e-06,COMPLETE,0.008086722286598895,19,60,0.0490821675386851,0.14065613546752948,-0.0039120223357912475,9.927413885835179e-06
66,-5.6489638078360827e-08,COMPLETE,0.0007956223245145896,13,240,5.546966910774311e-06,0.00012768412334449286,0.5303866876002381,-5.6489638078360827e-08
67,-1.7526646800547496e-11,COMPLETE,3.1669915060898004e-05,25,30,4.585337093101192e-10,1.4240104123127372e-08,0.9740752802796253,-1.7526646800547496e-11
68,7.974563421975223e-05,COMPLETE,3.298604620505517e-05,23,10,0.009556653432933451,0.3873532006971263,0.882472964283795,7.974563421975223e-05
69,-3.0798521510888577e-09,COMPLETE,0.00010782817571627423,25,90,2.3211453947391428e-07,7.736405566881965e-06,0.9909067013730551,-3.0798521510888577e-09
70,-1.5214918214212503e-10,COMPLETE,0.00011266189161357564,24,70,4.257071097556943e-09,1.3583291691561004e-07,0.9893070544917418,-1.5214918214212503e-10
71,-2.273347243786361e-08,COMPLETE,0.0003724668978821331,24,60,1.2361749682526953e-06,3.643061586349487e-05,0.9659373347593547,-2.273347243786361e-08
72,0.001542041813768158,COMPLETE,0.0007431609740201286,25,10,0.03872553244458977,1.7546224318238786,0.8583495622082219,0.001542041813768158
73,0.0006642005697296005,COMPLETE,2.1880817686433083e-05,18,10,0.030106748413573574,1.143926640512495,0.8826235386387988,0.0006642005697296005
74,-5.9454483558596394e-08,COMPLETE,0.0006991422738625288,22,20,4.3498149800689535e-07,1.5294651844124508e-05,0.9244210906196084,-5.9454483558596394e-08
75,5.466104346785183e-05,COMPLETE,3.0728214538675644e-05,18,10,0.007999653580635514,0.3207542497062421,0.8826020019380378,5.466104346785183e-05
76,0.0007254236101901235,COMPLETE,2.1031048226853797e-05,18,10,0.031591801213003264,1.1973910356821722,0.8826252268830406,0.0007254236101901235
77,-4.124036001584841e-08,COMPLETE,1.814716213122388e-05,19,20,7.273866769739773e-07,2.5101732525339678e-05,0.955253692467965,-4.124036001584841e-08
78,0.00216196796054402,COMPLETE,0.005575037147930395,16,10,0.0635053386835992,2.136106797802973,0.17048111295255403,0.00216196796054402
79,0.002337548884505214,COMPLETE,0.005158289336955676,16,10,0.06404987833415197,2.222809820390718,0.21334107067059935,0.002337548884505214
80,1.3748250641931747e-05,COMPLETE,0.00806202780018217,16,20,0.01001967285952234,0.16093163135139482,0.015752549409136788,1.3748250641931747e-05
81,0.0013419056606074342,COMPLETE,0.00259363819381887,14,10,0.03923317060003971,1.6413374071559357,0.605637260376128,0.0013419056606074342
82,0.0011682562651863515,COMPLETE,0.004057420471329446,14,10,0.04097884524773264,1.5335790254993487,0.3587885908223354,0.0011682562651863515
83,0.0008374396594678091,COMPLETE,0.0012533683465257516,13,10,0.02820595128574828,1.2822490183529929,0.811065868543528,0.0008374396594678091
84,-4.1938926109708063e-08,COMPLETE,0.0027495714902618803,17,20,1.1424013445710858e-06,3.250322136088702e-05,0.5578826547256452,-4.1938926109708063e-08
85,-3.059061892685122e-10,COMPLETE,0.001778524871634466,12,50,7.174797008625827e-09,1.7579193176244268e-07,0.5803999110770116,-3.059061892685122e-10
86,0.0007432205450577101,COMPLETE,0.004281783915971899,13,10,0.03369959813987752,1.214122931527975,0.32369499783558014,0.0007432205450577101
87,0.0007959353308530925,COMPLETE,0.0070450597372231265,14,10,0.04354154657179658,1.2680457669188896,0.0570669969564363,0.0007959353308530925
88,-7.13052061840358e-10,COMPLETE,0.0015736055225123496,25,30,1.5755096337737105e-08,4.099033758281187e-07,0.7824249834097478,-7.13052061840358e-10
89,-3.282742966348451e-10,COMPLETE,0.002587011932426392,19,20,5.833079415074353e-09,1.642661964743263e-07,0.5987549071014472,-3.282742966348451e-10
90,-2.719836333930914e-08,COMPLETE,0.0016195961018067688,24,30,8.709931638951017e-07,2.2389081888658068e-05,0.7707538342137976,-2.719836333930914e-08
91,-3.844080609383127e-11,COMPLETE,0.00759227664726667,18,20,1.889619888054402e-09,3.084756878927947e-08,0.028723952123386555,-3.844080609383127e-11
92,-2.3296031770314585e-11,COMPLETE,0.0007977472617444357,18,20,2.2694586613547746e-10,7.810900894295362e-09,0.9139545117766714,-2.3296031770314585e-11
93,0.00299164868341395,COMPLETE,0.00035812421563146497,16,10,0.05006814236748417,2.4802861852402986,0.8767950905303107,0.00299164868341395
94,-5.2060857402835836e-08,COMPLETE,0.002982655665144563,15,20,9.314633686484971e-06,0.0002644499712689808,0.5018054343770557,-5.2060857402835836e-08
95,-1.1227772467314878e-07,COMPLETE,0.00895364472821215,11,40,0.00034040377612071194,0.0015128267174405615,-0.006934209619675791,-1.1227772467314878e-07
96,3.829651186837424e-06,COMPLETE,0.001130987377766794,11,10,0.002056793147934592,0.08569810155265181,0.8230258787880282,3.829651186837424e-06
97,-8.301602738569613e-09,COMPLETE,0.0008165349161626729,12,20,2.914795362773736e-07,1.0043967949988271e-05,0.9088931766771479,-8.301602738569613e-09
98,-9.47584455346373e-10,COMPLETE,0.0018967016208853867,13,20,3.223015586096886e-08,1.0233688170450553e-06,0.7343778492652221,-9.47584455346373e-10
99,-9.115606758314243e-08,COMPLETE,0.00017571135185548032,15,40,1.9401194394542834e-06,6.391977017087847e-05,0.9786469344438308,-9.115606758314243e-08
100,-8.93504603638462e-10,COMPLETE,0.0002612020131695548,18,70,2.8751470526444504e-08,9.19939463016334e-07,0.9763647761899157,-8.93504603638462e-10
101,0.0006711980580932364,COMPLETE,0.00026830443929654876,14,10,0.02384911876152628,1.1425043676638946,0.8794014995370963,0.0006711980580932364
102,0.00022740104830942798,COMPLETE,0.0003694624690913414,18,90,0.019365267300789652,0.647595383463468,0.9534500407810849,0.00022740104830942798
103,0.00035565148643601496,COMPLETE,0.00022963753466438932,17,50,0.02468307880703472,0.8237489174345813,0.9786126082911718,0.00035565148643601496
104,4.9858909083821956e-05,COMPLETE,0.00016597748731340609,15,60,0.008868312227780428,0.3028221603482218,0.9844167015423123,4.9858909083821956e-05
105,0.00024090508161134228,COMPLETE,0.00020715757214686607,13,10,0.014253864113177913,0.6779204124593442,0.8807841455752937,0.00024090508161134228
106,-6.440303446098028e-08,COMPLETE,0.0001529816128732658,16,20,9.814894552328233e-07,3.701126479954931e-05,0.9537076112887173,-6.440303446098028e-08
107,0.002671895506695554,COMPLETE,0.0005212238383727807,17,10,0.048055714753884864,2.3385884024701875,0.8702579559360788,0.002671895506695554
108,-8.981004606667398e-08,COMPLETE,0.00043348004718839884,25,20,6.873749529238819e-07,2.4129354702139648e-05,0.9437402494397821,-8.981004606667398e-08
109,0.00014575005447758915,COMPLETE,0.002065693753229756,16,50,0.02392565242995918,0.5269554344186197,0.5078838540060917,0.00014575005447758915
110,0.0012155446315536,COMPLETE,0.002928349181013877,18,10,0.03775116459954438,1.5590080346614195,0.5507698959253446,0.0012155446315536
111,0.0007281975093456072,COMPLETE,0.005943587267926869,14,10,0.03804426294798495,1.2062913392659946,0.13548185929955692,0.0007281975093456072
112,0.0007371180515330922,COMPLETE,0.00036337643147998303,24,10,0.026414939703257014,1.197602540148158,0.8767195260343956,0.0007371180515330922
113,0.00014585565590807814,COMPLETE,0.005123804402816593,19,10,0.016719522065581013,0.5279824385769083,0.21999235347531346,0.00014585565590807814
114,0.00021251290207613405,COMPLETE,0.0032047148968881774,16,100,0.058074064553555356,0.6501889923108869,0.06519059398946958,0.00021251290207613405
115,0.001615390834853181,COMPLETE,0.0037334316414921053,19,110,0.20360228945415992,2.112337353629321,0.03210779931961652,0.001615390834853181
116,0.0003576172056953819,COMPLETE,0.0014829386079893577,19,10,0.019184966772260833,0.8292402328679953,0.7863225801788077,0.0003576172056953819
117,0.0012045793677478711,COMPLETE,0.00025753565321676733,20,10,0.032793249248575615,1.5433863676797583,0.8795022418596101,0.0012045793677478711
118,-1.4556967187218106e-08,COMPLETE,0.00186642254580441,25,130,4.620038194978423e-07,7.575936539870271e-06,0.2625950540990168,-1.4556967187218106e-08
119,0.001122188550204628,COMPLETE,0.00315086209616499,19,110,0.13667358055346165,1.6241978209499701,0.062128904935531325,0.001122188550204628
120,0.003935930207475846,COMPLETE,0.005744194559514083,21,120,0.6604381062780559,7.725418810794312,-0.0014321802756832656,0.003935930207475846
121,-1.0579858322756763e-08,COMPLETE,0.0032450390832966954,25,140,8.739594934472359e-07,6.088466814653379e-06,0.034731896414593115,-1.0579858322756763e-08
122,-1.7622414638651662e-10,COMPLETE,0.00733870137192671,22,140,0.5,,-0.0033275895347307494,-1.7622414638651662e-10
123,0.0015016162783908493,COMPLETE,0.004373571274895337,19,120,0.2923468984896614,2.286582157469581,0.010458648803725504,0.0015016162783908493
124,0.0018001118025229301,COMPLETE,0.007699027152738572,23,100,0.7450705447750935,6.994509721390988,-0.004467472705325447,0.0018001118025229301
125,4.6323320761931797e-05,COMPLETE,0.003704449336072326,21,140,0.05754970136643115,0.2997118307973431,0.017018673882275053,4.6323320761931797e-05
126,1.3637797940946328e-06,COMPLETE,0.0037507043756105913,19,130,0.009263999005209172,0.04948362519077537,0.019387123425754074,1.3637797940946328e-06
127,-2.4802866427364734e-09,COMPLETE,0.006393538320126458,19,140,0.5,,-0.0033242184846932845,-2.4802866427364734e-09
128,0.0009090604322463669,COMPLETE,0.006181828988809678,24,100,0.32644322690725286,1.877821325402131,-0.000383506480090813,0.0009090604322463669
129,-3.999414133204482e-10,COMPLETE,0.007184533352317599,25,90,3.194828491847159e-07,4.4584460495426213e-07,-0.0030080612015466004,-3.999414133204482e-10
130,-5.224864985109434e-11,COMPLETE,0.008898772407349336,22,80,9.4593027337702e-08,2.217594521077744e-08,-0.00646020030630622,-5.224864985109434e-11
131,0.0013841462414542205,COMPLETE,0.0064336128318314275,23,40,0.1428069271761566,1.8525931327566212,0.030221518987669446,0.0013841462414542205
132,0.0016125113726047635,COMPLETE,0.008978342731303017,22,40,0.2500211770019262,2.2867187312566224,-0.0033149573333686815,0.0016125113726047635
133,-5.871991781702945e-11,COMPLETE,0.009756483726426714,22,70,6.713679222562947e-07,7.380600001183319e-08,-0.007869937044393165,-5.871991781702945e-11
134,-6.64941350647652e-07,COMPLETE,0.00871051434158679,17,110,0.5,,-0.004305650771875815,-6.64941350647652e-07
135,0.0005934144313535228,COMPLETE,0.00967278604704969,21,10,0.0492778060204288,1.0998302672304148,-0.04259153107965185,0.0005934144313535228
136,0.0011680713643299478,COMPLETE,0.003911377614214885,23,10,0.04355210075289339,1.5344782227017595,0.39043048416956894,0.0011680713643299478
137,-1.979749697511579e-12,COMPLETE,0.009018365147497454,24,20,4.7330683716054526e-11,6.742317414972716e-10,0.0027447593323073594,-1.979749697511579e-12
138,-8.069110712938254e-09,COMPLETE,0.003745291910753945,22,20,9.944993753834496e-08,2.525222537305358e-06,0.3643810048286501,-8.069110712938254e-09
139,-6.149794007370701e-10,COMPLETE,0.005070611036440033,23,20,8.563242261659144e-09,1.865008554382369e-07,0.1775699187447011,-6.149794007370701e-10
140,-3.8060314899723835e-09,COMPLETE,1.6618383158689922e-05,7,350,3.4370969350280394e-08,1.926157529209651e-06,0.9976640384587053,-3.8060314899723835e-09
141,0.00011733301066185753,COMPLETE,0.003574361378623515,22,50,0.030864827589065225,0.4754518909690287,0.16473620953149626,0.00011733301066185753
142,-5.873412867174466e-11,COMPLETE,0.007850766662201058,22,220,0.5,,-0.0018628217971024738,-5.873412867174466e-11
143,2.390991665190967e-05,COMPLETE,0.001571991370322345,19,100,0.009886999803246524,0.20728151706453266,0.4608773044720071,2.390991665190967e-05
144,5.243627962225883e-05,COMPLETE,0.0011581475562902365,18,90,0.012384107838014947,0.30873741579166647,0.677334948189276,5.243627962225883e-05
145,-3.697606798525044e-08,COMPLETE,1.399892907351909e-05,6,340,8.588048922456519e-07,5.176300168436961e-05,0.9978732335010586,-3.697606798525044e-08
146,-9.868618722208566e-08,COMPLETE,0.00124365160603433,16,100,4.000029920758297e-06,9.797693277911236e-05,0.5973149358836353,-9.868618722208566e-08
147,-1.1536060995354092e-10,COMPLETE,0.008307968501879238,23,250,0.5,,-0.0015916293175541238,-1.1536060995354092e-10
148,-1.4828942296318814e-08,COMPLETE,0.0008484417295451192,17,70,9.74720492952295e-07,2.5800930516897286e-05,0.844668970614003,-1.4828942296318814e-08
