number,value,state,params_lambda,params_n_lags,params_window_size,user_attrs_kappa,user_attrs_kappa_tstat,user_attrs_r2_stage1,user_attrs_r2_stage2
299,-2.602522419792308e-09,COMPLETE,0.002130022262002792,17,70,8.692460827348317e-07,1.498219122415659e-05,0.3760371927521594,-2.602522419792308e-09
