number,value,state,params_lambda,params_n_lags,params_window_size,user_attrs_kappa,user_attrs_kappa_tstat,user_attrs_r2_stage1,user_attrs_r2_stage2,user_attrs_status
309,-1001.9599894718494,COMPLETE,0.000815626286346741,21,300,5.21146105909886e-07,1.0528150586965443e-05,0.48314970265910917,-1.239923319573677e-08,infeasible
310,-1001.9598866376814,COMPLETE,0.0012423569090528389,20,300,8.89517090920072e-06,0.00011336231855950338,0.20238380838549153,-6.037973721007006e-08,infeasible
311,-1001.9599615393086,COMPLETE,0.0012813698634887005,18,290,3.0407175535543873e-06,3.846069144313735e-05,0.18437344085527974,-2.3200363408193425e-08,infeasible
312,-1001.1801020358305,COMPLETE,0.0015966787606329369,18,300,0.08081772118725486,0.7798979641695467,0.08222742653814107,0.0003285406814169667,infeasible
313,-1001.1408673627258,COMPLETE,0.0016223535380676516,18,300,0.08676542949837175,0.8191326372742201,0.0772740722720164,0.00035775300213036765,infeasible
314,-1001.9599998899808,COMPLETE,0.0008878839679187378,19,290,5.649676851469484e-09,1.1001909646233657e-07,0.4300962126906597,-8.384493099811152e-11,infeasible
315,-1001.9599999060333,COMPLETE,1.5629211725448814e-05,25,200,2.331180568795317e-09,9.39667304795639e-08,0.9977548093348105,-7.079159480838371e-11,infeasible
316,-1001.959949667018,COMPLETE,0.001371833895559659,19,300,4.601077918083409e-06,5.033298193932798e-05,0.1461473932983817,-5.090785792916108e-09,infeasible
317,-1001.673638812878,COMPLETE,0.0014691205683973446,19,300,0.02788451705675624,0.2863611871219585,0.11621141669351753,4.9547154386986314e-05,infeasible
318,-1001.9599995905867,COMPLETE,1.6187676351287676e-05,22,110,1.1156154556147407e-08,4.09413267544264e-07,0.9955829931547628,-5.030109662129689e-10,infeasible
319,4.151109879018292,COMPLETE,0.002014263329256278,17,270,0.21469098254595273,2.0547990273193673,0.03866778744590634,0.0016305880227142078,feasible
320,-1000.0043620699669,COMPLETE,0.003007131358097272,18,300,0.9075199161866787,38.175711633760194,-0.0004262069966907414,0.007859436939265607,infeasible
321,-1000.0,COMPLETE,0.004309611510693552,18,280,,,,,invalid_nan
322,-1000.0,COMPLETE,0.005983402627839653,18,300,,,,,invalid_nan
323,-1001.9599999842263,COMPLETE,0.0009891496920355744,10,70,5.49954309369447e-10,1.577370791184905e-08,0.7699080251976943,-3.815214810742873e-11,infeasible
324,-1000.0,COMPLETE,0.005742216633356981,18,300,,,,,invalid_nan
325,-1041.5123485547422,COMPLETE,0.003502816487376443,17,270,0.973078998457274,101.49866181480407,-0.0013586739938071688,0.004559331969632652,infeasible
326,-1001.3765960304355,COMPLETE,0.001530821436375421,16,270,0.0505023592983162,0.5834039695645445,0.11037068865475129,0.00019235678707207882,infeasible
327,-1001.5741771166477,COMPLETE,0.0015730012786370454,17,270,0.03560321476071417,0.38582288335234144,0.10695149908097465,8.686206185937184e-05,infeasible
328,-1001.9598765748498,COMPLETE,0.0010374571747245028,16,300,8.05687878897485e-06,0.00012342515023052963,0.2888103567370608,-7.997153805838764e-08,infeasible
329,-1001.9583047377779,COMPLETE,0.001406570446153158,17,270,0.0001419885308164609,0.0016952622220851293,0.15457006997696912,-7.890285425027344e-08,infeasible
330,-1000.9342561917526,COMPLETE,0.0015459883958449337,17,300,0.0972961165925983,1.0257438082474022,0.09151614959569564,0.0005477736583142656,infeasible
331,-1001.9595837750396,COMPLETE,6.724658241224313e-05,22,170,1.0981656242933823e-05,0.0004162249604065816,0.994523152715088,-1.1662780829979624e-07,infeasible
332,4.761923246340309,COMPLETE,0.002175068170950577,16,280,0.34973905690132795,3.4601896367718306,0.021050347019792647,0.003181057875497273,feasible
333,-1000.0,COMPLETE,0.009138636024457624,10,100,,,,,invalid_nan
334,-1001.9599986066662,COMPLETE,0.0031002705621441494,25,100,1.2931860658181647e-07,1.3933337734514117e-06,0.08665572373389636,-1.9292045738694696e-09,infeasible
335,-1334.3669686467938,COMPLETE,0.0033055516053796777,17,300,0.9886591335703556,394.3544320582249,-0.0012436588568909928,0.011849002898387861,infeasible
336,4.643947516341095,COMPLETE,0.002693669644370744,16,270,0.5055368375214889,4.426313727181133,0.006319714817206935,0.002992061962628134,feasible
337,4.316759670181551,COMPLETE,0.002616734316443644,15,260,0.3976460483181169,3.048302806846444,0.00901086571378735,0.0020935552578590366,feasible
338,-1001.9599999402692,COMPLETE,2.7194321078451164e-05,23,150,1.599727421077525e-09,5.973081236593904e-08,0.9965382836632491,-8.76023698026529e-11,infeasible
339,4.1567666310331965,COMPLETE,0.0022409966495505426,15,260,0.26053357786230785,2.231151185630426,0.021821099386829763,0.0016904171751420671,feasible
340,-1001.3455468803006,COMPLETE,0.0014714830838380387,16,300,0.05920772790077225,0.6144531196993616,0.10213956865977226,0.0002133050780706025,infeasible
341,-1001.9599995645397,COMPLETE,1.6955787592765538e-05,25,230,1.1330480556647848e-08,4.3546034013245396e-07,0.9979734472505475,-6.024403198523487e-10,infeasible
342,-1000.0,COMPLETE,0.00840629677367081,16,300,,,,,invalid_nan
343,4.8416869193443395,COMPLETE,0.0023256218467969754,23,220,0.2517112855290996,3.1305462596417186,0.0418937026462923,0.0033348252188143412,feasible
344,-1001.7589717076606,COMPLETE,0.00341561407681017,24,200,0.06285616768954713,0.2010282923393148,0.007569164553766744,2.141323147164531e-05,infeasible
345,-1001.9599999877244,COMPLETE,0.00040877441331563046,14,20,3.286555722725008e-10,1.2275606306805419e-08,0.9437190033983626,-1.8285373215576328e-11,infeasible
346,-1000.8483642160819,COMPLETE,0.0020873125549262447,24,250,0.1158265562843874,1.1116357839180777,0.049630744714342756,0.000600291650207363,infeasible
347,3.8107485803058663,COMPLETE,0.00290083114211284,22,250,0.3871160970069123,2.311405170060042,0.006513991101562995,0.0012448244230290895,feasible
348,-1001.5532426230499,COMPLETE,0.0014133719788194594,16,300,0.03810097949283064,0.40675737695018055,0.117950853776588,9.77638186963059e-05,infeasible
349,4.757612138993912,COMPLETE,0.0022681655153682064,16,300,0.4428443040495616,4.054141426713624,0.012791807341076872,0.003246831404829953,feasible
350,-1000.7459215922089,COMPLETE,0.001787560579798782,22,240,0.09521623411170782,1.2140784077910463,0.09717399336486202,0.0007439732273950561,infeasible
351,-1000.0,COMPLETE,0.004492996690764674,25,300,,,,,invalid_nan
352,-1001.6487799486896,COMPLETE,0.0013649599515939018,16,300,0.028035072963793296,0.3112200513104013,0.1328446770999537,5.837397340158201e-05,infeasible
353,-1001.8328970073812,COMPLETE,0.0012928169608818632,16,300,0.01088134112627362,0.12710299261878544,0.15851790855509035,1.0021472828358746e-05,infeasible
354,-1165.0456285666767,COMPLETE,0.0032495728329000125,16,300,0.9803283702298992,225.03353419189463,-0.0011994374781966056,0.011931690036529052,infeasible
355,-1000.0,COMPLETE,0.004685858733645444,16,300,,,,,invalid_nan
356,-1000.0,COMPLETE,0.005187692459517916,15,260,,,,,invalid_nan
357,-1001.959999960778,COMPLETE,0.00041168906734471874,24,100,1.2556540258367916e-09,3.922208145111886e-08,0.9434089126682943,-4.736744330102738e-11,infeasible
358,3.979011993852802,COMPLETE,0.0028235978893407193,16,260,0.4436402354520643,2.797224939729914,0.005339158988406971,0.001506116572825511,feasible
359,4.256122106086701,COMPLETE,0.0030325529329019124,16,260,0.6055199796597768,4.662545260068042,0.0023258039860024433,0.002102156401237343,feasible
360,-1001.9599971198418,COMPLETE,0.0009250454549244233,13,240,1.4046876739203868e-07,2.880158278639343e-06,0.432623727514166,-8.033607112878371e-10,infeasible
361,-1001.9599998298295,COMPLETE,0.000832146777106774,16,270,8.129761391380719e-09,1.701705306298504e-07,0.4796753537907738,-1.3390577535687953e-10,infeasible
362,-1001.9599965181367,COMPLETE,1.3809632135490323e-05,16,200,8.119739171307016e-08,3.4818633013475595e-06,0.9977709877585281,-9.77854242023568e-10,infeasible
363,-1001.9599999504205,COMPLETE,0.0005480140385722919,17,250,1.804239063565112e-09,4.957944516524883e-08,0.7387595685551892,-5.608513653498903e-11,infeasible
364,-1080.985309877757,COMPLETE,0.0031992074630757374,16,300,0.9703730356170909,140.97386571050754,-0.0011344167249382805,0.010770905632447536,infeasible
365,-1001.9598079359431,COMPLETE,1.5218119748751594e-05,15,190,4.833147725277201e-06,0.00019206405695247982,0.9975907777952653,-6.529096951979341e-08,infeasible
366,-1000.283031198957,COMPLETE,0.0019138269786409701,14,260,0.1664694160067862,1.676968801042977,0.04626388937118161,0.0012137419912785496,infeasible
367,-1000.8075001627619,COMPLETE,0.00168853917990378,16,260,0.10253484873452128,1.1524998372381277,0.08291212791405371,0.0006659653338402238,infeasible
368,-1001.9599986364286,COMPLETE,1.4414369606165885e-05,10,300,2.9153535997594938e-08,1.3635713858402728e-06,0.9982421464685717,-1.0373599756974272e-09,infeasible
369,-1000.0063706633663,COMPLETE,0.0030426401746732235,16,300,0.9267647245759718,52.23018607272979,-0.0006270663366261252,0.00918353428419083,infeasible
370,-1001.9599997833137,COMPLETE,0.005357455062767551,18,20,1.0661972084767958e-08,2.1668633469223887e-07,0.14423735775981752,-2.991333847290889e-10,infeasible
371,-1000.0,COMPLETE,0.00347951142136906,16,300,,,,,invalid_nan
372,-1001.4051530170777,COMPLETE,0.0011842288262418812,15,300,0.03985465379614085,0.554846982922274,0.20152892902924754,0.0001811118599959194,infeasible
373,-1388.0490182902233,COMPLETE,0.003767210924262846,13,260,0.9969995180011443,448.0337704172983,-0.0015147872924998267,0.0008788027336154025,infeasible
374,4.3143761869893265,COMPLETE,0.002618583577918122,15,260,0.39803958214785334,3.0468411955469503,0.008969972326576583,0.0020888286495056585,feasible
375,-1001.9598788256477,COMPLETE,0.0010180926725440191,24,200,5.354201441200963e-06,0.00012117435228482847,0.5109509532255758,-5.217952159242145e-08,infeasible
376,-1001.5232532261377,COMPLETE,0.00112653829128192,15,300,0.03004942681739053,0.43674677386225375,0.23121191721230103,0.00011445965197642849,infeasible
377,4.392806148084448,COMPLETE,0.0024102873014917965,19,260,0.3168647208075334,2.7454855622237213,0.0177664552649944,0.002189194634047986,feasible
378,4.367510371559951,COMPLETE,0.0020952894621203886,17,270,0.25542863960571316,2.4416152251312617,0.03188239271240603,0.0020686289172887617,feasible
379,4.671996684424918,COMPLETE,0.0024418070209393486,19,270,0.3832871638486343,3.5252424987692823,0.014161239278531636,0.002958363070120762,feasible
380,-1000.2657122839151,COMPLETE,2.5579423604829863e-05,12,210,0.037769061365586665,1.6942877160848986,0.9972792808251975,0.001599710377787833,infeasible
381,-1001.9086564876791,COMPLETE,1.051869325643321e-05,15,170,0.0013198740066662743,0.0513435123209124,0.9973749779243432,1.5354594219418871e-06,infeasible
382,-1000.0,COMPLETE,0.005206188950643555,19,270,,,,,invalid_nan
383,-1000.0117494663336,COMPLETE,0.0033948309169075275,19,270,0.9460692137842254,54.664843772154725,-0.001164946633366752,0.005375914584812236,infeasible
384,-1000.0,COMPLETE,0.003783736140919442,20,280,,,,,invalid_nan
385,-1000.0066250510152,COMPLETE,0.003048084836064771,21,300,0.9294716797638325,54.863370405790064,-0.0006525051015282162,0.009422019684856897,infeasible
386,-1000.0,COMPLETE,0.0039302943437279905,21,290,,,,,invalid_nan
387,-1001.6165859310966,COMPLETE,0.0015938165182094839,20,260,0.029073059839219755,0.34341406890340853,0.1210823039012846,6.935248296902063e-05,infeasible
388,-1001.9599994082139,COMPLETE,0.0010778838694637286,18,270,3.565116129172546e-08,5.917860663244274e-07,0.3187741657061951,-3.303997075931875e-10,infeasible
389,-1001.9599924458273,COMPLETE,0.00019547969275664746,16,90,2.1557448514837368e-07,7.554172653082926e-06,0.9818599325295527,-3.167270001824818e-09,infeasible
390,-1000.0,COMPLETE,0.009146422713902083,14,280,,,,,invalid_nan
391,-1001.9599999879645,COMPLETE,0.0006883745331133256,15,90,4.0376492955314597e-10,1.2035481537098711e-08,0.8579327945140778,-1.4728662733887177e-11,infeasible
392,-1000.0,COMPLETE,0.00788843520845755,14,300,,,,,invalid_nan
393,4.320987926918677,COMPLETE,0.0017117130831117461,15,300,0.20620547959571295,2.1863307417501288,0.05287014611080204,0.0019189969422397368,feasible
394,-1001.3626626400288,COMPLETE,0.0013302620870000866,13,260,0.04146797136473732,0.5973373599711376,0.17040418619631356,0.00020388859310527252,infeasible
395,-1001.0223596818863,COMPLETE,0.0013928243156632542,14,260,0.06643361764985473,0.9376403181136554,0.15414831236903567,0.00047655414439295996,infeasible
396,-1000.0,COMPLETE,0.005881915583093162,17,250,,,,,invalid_nan
397,4.018377473417235,COMPLETE,0.002149099804501512,14,260,0.22581865312508498,1.9696785223806117,0.02676957673170516,0.0014436406945667057,feasible
398,4.653601231037415,COMPLETE,0.0020208252545390803,17,300,0.32401641760419664,3.1025529294947423,0.027924722119556742,0.0028041187203529105,feasible
399,4.093904038112812,COMPLETE,0.002720278903773118,15,260,0.41138345378746133,2.7921346938437486,0.006963333517494224,0.0016782890608629808,feasible
400,-1000.0,COMPLETE,0.004006044553100724,17,270,,,,,invalid_nan
401,-1015.2795291282404,COMPLETE,0.0030883249984260453,17,300,0.9452381266375546,75.27103973971928,-0.0008389388521111028,0.010620776240721441,infeasible
402,-1000.1266169528277,COMPLETE,0.0018785625200382196,18,300,0.2081174929125858,1.8333830471723471,0.04145399142958191,0.0013461680803591447,infeasible
403,4.283088381444018,COMPLETE,0.002667892670092074,17,260,0.40624879548377013,3.0364744930813488,0.008995600983666642,0.002021127983541704,feasible
404,-1001.9599141508912,COMPLETE,0.0007799469132427049,17,260,3.873611854897255e-06,8.584910878241935e-05,0.5432849822538796,-8.631066639175344e-08,infeasible
405,-1001.9599965761178,COMPLETE,0.0006980176736120599,16,270,1.449325694795968e-07,3.423882244817006e-06,0.588153730462282,-2.4064870096651703e-09,infeasible
406,-1001.9599986605722,COMPLETE,0.0007211800928062809,18,260,5.7617065097122124e-08,1.3394278415374093e-06,0.5963933392099903,-1.0007592532446097e-09,infeasible
407,-1001.9598427956959,COMPLETE,0.000936305959529572,16,260,8.157740868930559e-06,0.00015720430413886018,0.41658629452947266,-5.5704880042029004e-08,infeasible
408,-1001.9599993939095,COMPLETE,0.0007716463133797439,16,270,2.7392718001423858e-08,6.060905034762072e-07,0.527934545289725,-4.599329805898833e-10,infeasible
409,4.552338262988846,COMPLETE,0.002431733386578032,14,300,0.4927603768248187,4.059975688721292,0.007611907962239853,0.002696659470017404,feasible
410,-1001.9599996103191,COMPLETE,0.0008756961769012675,13,300,2.1797594095792548e-08,3.896809766325142e-07,0.37649556250251853,-2.476365779102707e-10,infeasible
411,-1000.0,COMPLETE,0.0036208258552771146,15,300,,,,,invalid_nan
412,-1000.3303395226949,COMPLETE,0.0015881037084465484,15,300,0.15010384733079613,1.629660477305144,0.07288151815447975,0.001223159264501894,infeasible
413,-1001.959995699704,COMPLETE,0.0006808446629262386,12,300,1.872663620313932e-07,4.30029602854401e-06,0.5230195832150963,-2.9164419768079597e-09,infeasible
414,4.909464532579354,COMPLETE,0.0020243465613465537,14,300,0.3593765260677827,3.7572653534658977,0.023363725242137524,0.003681875832373671,feasible
415,4.633624134061248,COMPLETE,0.0023429202521892513,15,300,0.46043564356289834,3.953793951954428,0.009865096958485404,0.002895171698454102,feasible
416,-1000.0,COMPLETE,0.00964371076217044,22,240,,,,,invalid_nan
417,4.742555550083995,COMPLETE,0.0019537935813245975,16,300,0.31672830854618417,3.2096263797767537,0.030026374087083307,0.0030624957996520097,feasible
418,-1000.0052871144597,COMPLETE,0.0030228187252419464,18,300,0.916547187930984,43.90702690869162,-0.0005187114459783578,0.008453902214600628,infeasible
419,4.499685119216681,COMPLETE,0.0025129737480951045,13,300,0.529631564293947,4.288666810352527,0.005909389360245633,0.0025859002161205957,feasible
420,-1000.7308409739547,COMPLETE,0.0003146488919585047,12,200,0.032443677089994453,1.2291590260452605,0.9072351440251023,0.0008466525006891601,infeasible
421,-1000.014893456521,COMPLETE,0.003643740040858856,14,260,0.965089798120103,33.95565018593021,-0.001479345652096624,0.0008599703765759248,infeasible
422,-1001.3761240736353,COMPLETE,0.0030640222111240935,11,260,0.4324347129906938,0.5918118013200294,-0.0007835874955282739,7.004082266770517e-05,infeasible
423,-1000.0,COMPLETE,0.003657554896077508,12,270,,,,,invalid_nan
424,-1000.0,COMPLETE,0.004047913169116328,13,270,,,,,invalid_nan
425,-1000.0,COMPLETE,0.0037978778353002533,11,260,,,,,invalid_nan
426,-1001.9599767523549,COMPLETE,0.0008624087671818551,25,20,6.853005005385128e-07,2.3247645084779013e-05,0.9101611667294891,-8.365601722459814e-08,infeasible
427,-1001.9599987803738,COMPLETE,0.0008230103301595504,15,300,6.412566139054547e-08,1.2196262541510885e-06,0.43727912197917673,-3.5340175230658133e-10,infeasible
428,-1001.9599881168558,COMPLETE,0.0007384168535510551,14,300,5.653662523806021e-07,1.1883144139199784e-05,0.4991158157230784,-6.614381931058233e-09,infeasible
429,4.629222012978598,COMPLETE,0.0026036674374147143,14,300,0.6003071592288319,5.438853141688545,0.004263977524677509,0.0030030938077061364,feasible
430,-1000.9839733042961,COMPLETE,0.0015373970576610435,16,300,0.09471460171156229,0.9760266957038657,0.08655055908709947,0.0004984786602828528,infeasible
431,-1001.5806067887883,COMPLETE,0.0017199685092209494,10,160,0.025772970255047784,0.3793932112117466,0.16650782802889583,7.973097058722178e-05,infeasible
432,-1001.9599940750746,COMPLETE,0.0007330234660049474,17,300,2.817959648840167e-07,5.924925367663874e-06,0.5268964801609921,-7.683168989913725e-09,infeasible
433,-1001.9599029008884,COMPLETE,0.0011631774555754854,16,300,7.314900477690966e-06,9.70991115779208e-05,0.2168640619412477,-2.4778832319327648e-08,infeasible
434,-1001.9599991757044,COMPLETE,0.0010944882697497959,16,300,5.7425333722381e-08,8.242956343485537e-07,0.25437436098356947,-3.8998115847732606e-10,infeasible
435,4.245548376792966,COMPLETE,0.0018789852499742532,15,250,0.1781611818037744,2.0580647402959187,0.05684386849082709,0.001765767811306329,feasible
436,-1001.9599967836382,COMPLETE,0.0008294769771298452,17,300,1.6861696520809142e-07,3.2163618605043242e-06,0.4472496386715015,-3.9650285277303965e-09,infeasible
437,-1000.1494402295175,COMPLETE,0.0017350569510792004,15,250,0.14520147029641675,1.810559770482465,0.07937090712156294,0.001479196318863285,infeasible
438,-1000.0,COMPLETE,0.005515925902830313,16,300,,,,,invalid_nan
439,-1000.0143041556095,COMPLETE,0.0035829807306239224,16,260,0.953835067708153,37.228767451289144,-0.0014204155609466064,0.0018163414350880203,infeasible
440,-1000.0,COMPLETE,0.004976919763481286,16,280,,,,,invalid_nan
441,-1088.447663801704,COMPLETE,0.003205247192867726,16,300,0.9716736745670286,148.43612557544054,-0.0011438226263396367,0.010901982764123685,infeasible
442,-1000.0,COMPLETE,0.006655656826711656,16,300,,,,,invalid_nan
443,-1056.6143535397605,COMPLETE,0.0035552010737776043,16,270,0.9796124569789497,116.60035531134885,-0.0013898228411586193,0.0034288592960394215,infeasible
444,-1000.0,COMPLETE,0.004237243012359894,17,260,,,,,invalid_nan
445,5.144961169676881,COMPLETE,0.002822277482516823,14,300,0.795266429394419,14.255330330710702,0.0011166045728339651,0.005391427827756257,feasible
446,-1000.0,COMPLETE,0.0034972145543062274,14,300,,,,,invalid_nan
447,-1001.9595882884882,COMPLETE,3.0498513060377046e-05,19,220,1.0199151640882212e-05,0.00041171151176532574,0.9972301268094201,-1.2772364343938136e-07,infeasible
448,-1000.1597737908198,COMPLETE,0.0017154546592640684,13,300,0.18232531303801122,1.8002262091802141,0.050139403832202174,0.0013796037365559899,infeasible
449,-1001.5361039382619,COMPLETE,0.0023892308162922113,24,180,0.04483547970745901,0.42389606173811484,0.0655813049594232,9.767115404379911e-05,infeasible
450,-1000.6413145918834,COMPLETE,0.001627905779059338,23,200,0.07612733631153491,1.318685408116562,0.1882219939836702,0.0008937177017345199,infeasible
451,-1001.3082337106109,COMPLETE,0.001647257201104773,12,290,0.07735685376211558,0.6517662893890308,0.05445439341614411,0.0002290624548724196,infeasible
452,-1000.9631261609744,COMPLETE,0.002505340466907701,12,300,0.3754444608409907,0.9968738390256148,0.0016877361319093947,0.00024686350638936094,infeasible
453,-1267.1305300935303,COMPLETE,0.0032862412720315692,13,300,0.9861512482628191,327.11813207321416,-0.0012298020316080516,0.012268542694529594,infeasible
454,-1001.8913369187087,COMPLETE,0.0010435161467133556,13,260,0.0038202913468045846,0.06866308129124414,0.318530126491873,2.787980470930762e-06,infeasible
455,-1000.0,COMPLETE,0.0060857972418304485,13,300,,,,,invalid_nan
456,-1000.76305981205,COMPLETE,0.0014877771023746648,14,260,0.08900212416469604,1.1969401879500183,0.12413692976957866,0.0007393222884598538,infeasible
457,-1000.3705966847809,COMPLETE,0.0018480522295968645,14,260,0.15098869680202687,1.589403315219086,0.053836150964700374,0.0011313303338145175,infeasible
458,-1001.8804202327899,COMPLETE,0.000986916860393479,12,250,0.004178790825378994,0.07957976721012341,0.3564615653088571,3.7692926796450976e-06,infeasible
459,-1000.0079625609469,COMPLETE,0.0033796692337363502,14,260,0.88969622891784,23.916190036777007,-0.0007862560946919429,0.004295651711695214,infeasible
460,4.533207321911868,COMPLETE,0.001777690681881302,15,300,0.24056036102378658,2.5652033357031305,0.04457887907542736,0.0024167105880100737,feasible
461,-1000.0,COMPLETE,0.004499866026802767,14,260,,,,,invalid_nan
462,-1001.6728169830028,COMPLETE,1.9120023756311232e-05,20,210,0.0069590851252033185,0.28718301699722826,0.9977123202641762,4.9159382141450436e-05,infeasible
463,4.743631370568088,COMPLETE,0.0022659406341435564,15,300,0.4392989177898758,4.005797940364543,0.012213952694509062,0.0032081018832668118,feasible
464,4.641810596037217,COMPLETE,0.0023380677311472574,14,300,0.4591519028814689,3.9611336533356996,0.009992979508157676,0.0029178453320575226,feasible
465,-1001.0258621577359,COMPLETE,0.0014114297103032928,14,290,0.07627192746645041,0.9341378422640835,0.11900420089510699,0.00047198459476882615,infeasible
