number,value,state,params_lambda,params_n_lags,params_window_size,user_attrs_kappa,user_attrs_kappa_tstat,user_attrs_r2_stage1,user_attrs_r2_stage2,user_attrs_status
155,-1000.4481000237599,COMPLETE,0.003028460640417357,14,190,0.22354457800045488,1.5118999762400473,0.013383115862420266,0.0008199765600027664,infeasible
156,4.508059386262109,COMPLETE,0.0016683471647823884,18,220,0.13108671239687159,2.20387924155516,0.1325920990468682,0.0022250454550252208,feasible
157,-1001.0902622489742,COMPLETE,0.0012037843087675376,19,200,0.03967958942165069,0.8697377510258291,0.3741321070192154,0.000419175285042761,infeasible
158,-1001.0227312061173,COMPLETE,0.0016660191342444124,19,210,0.0608839867147014,0.9372687938826415,0.15216704813101106,0.00046834054160627137,infeasible
159,-1001.6196473348186,COMPLETE,0.001150438868903576,18,210,0.01590453355255612,0.34035266518141427,0.37562304739134017,6.778694662346041e-05,infeasible
160,-1001.1190893416784,COMPLETE,0.0012354832031522462,18,220,0.043160444915265925,0.8409106583215148,0.3073529076176261,0.0003936134747573039,infeasible
161,-1001.9599507797961,COMPLETE,0.0011348647675515895,17,220,2.535148820218588e-06,4.9220203891469456e-05,0.36078916376403913,-9.208532381066448e-09,infeasible
162,-1001.596619737554,COMPLETE,0.0011677651520088446,17,200,0.017412611975160745,0.36338026244605975,0.3807072266794191,7.655881674017984e-05,infeasible
163,-1000.0,COMPLETE,0.007325874013467539,19,210,,,,,invalid_nan
164,-1000.5093815425752,COMPLETE,0.001661164093755899,16,220,0.09691401108819644,1.4506184574248242,0.12456694103126266,0.0010414837997301252,infeasible
165,-1000.982024791493,COMPLETE,0.0014276963443824902,15,230,0.06399821686224652,0.9779752085070315,0.18256053771763361,0.0005116344483772073,infeasible
166,-1000.0,COMPLETE,0.006746849239809904,19,230,,,,,invalid_nan
167,-1001.9599988166943,COMPLETE,0.00010684784531659015,16,160,3.110322744505182e-08,1.1833057066715933e-06,0.9894843035408695,-3.150739669166569e-10,infeasible
168,3.996983984084336,COMPLETE,0.0026118135134531265,18,230,0.26019387122731086,2.0774329168147103,0.017565578452470202,0.0014428190612173486,feasible
169,-1000.0103140998433,COMPLETE,0.003960219058885495,19,210,0.7419542108639484,4.845543647768109,-0.0010214099843304204,0.0009462131627420156,infeasible
170,-1000.0024835885172,COMPLETE,0.003829989729563124,19,210,0.6359890596587067,3.4776743428299866,-0.00023835885172233872,0.0009702187578504162,infeasible
171,-1001.2710041015247,COMPLETE,0.0030770063625063025,19,190,0.12512971936963216,0.6889958984753131,0.014741457823573119,0.00021699792474594304,infeasible
172,-1001.5429270776584,COMPLETE,0.0013654710990095775,21,180,0.02202428733503588,0.4170729223415785,0.33731900308013246,9.893302229213585e-05,infeasible
173,-1001.2151647105065,COMPLETE,0.0017975321152754078,21,160,0.04540598956899338,0.7448352894934295,0.20243232404869302,0.0002969730710027374,infeasible
174,-1001.0602749923916,COMPLETE,0.0017135462880476311,21,180,0.05570341469826477,0.8997250076084312,0.1902404463570509,0.00042911690167690697,infeasible
175,-1001.6006480955366,COMPLETE,0.001464449534365533,20,160,0.01921020672702703,0.3593519044633767,0.3306560173522206,7.294047032335715e-05,infeasible
176,-1000.4587791931895,COMPLETE,0.001633212073599111,18,250,0.11219154736995508,1.5012208068105506,0.11186168324681794,0.0010995968270841594,infeasible
177,4.188398249030777,COMPLETE,0.0027502282645918805,17,230,0.33097124778619313,2.565247606272206,0.012700071304624895,0.0017977066232194305,feasible
178,-1000.0946775151182,COMPLETE,0.0019371602014067668,17,240,0.16131840266337796,1.8653224848818766,0.06309453047282941,0.0015034822911744739,infeasible
179,-1000.466820177025,COMPLETE,0.001583963005374983,18,240,0.10391939442441897,1.4931798229749633,0.13387655435085347,0.0011011828321881856,infeasible
180,3.955396434157768,COMPLETE,0.003022418909904496,17,230,0.39996263462532855,2.5691641129059946,0.006710471416843161,0.0014514498104015727,feasible
181,-1000.5350368876524,COMPLETE,0.0016085556142929913,18,250,0.10561958813867914,1.424963112347642,0.11784073097182304,0.0010055946243104907,infeasible
182,4.714757414928646,COMPLETE,0.0018090868828204692,18,220,0.16174554209356962,2.562164762131084,0.100983683656647,0.002797022444576025,feasible
183,4.416195763882398,COMPLETE,0.0023099273403986566,18,240,0.25639386152091503,2.539496699014436,0.02840631782224856,0.0021897339516669945,feasible
184,4.792453268352578,COMPLETE,0.00227731793043628,14,290,0.42080564603066445,3.979699215296927,0.013612229235556578,0.0033550772556800723,feasible
185,4.715430193875657,COMPLETE,0.002538569873412914,17,190,0.2486084072672361,2.961014791651886,0.03721016681570231,0.0029458851193904234,feasible
186,-1001.9599837951109,COMPLETE,0.00026598587381354555,16,240,4.779570887551753e-07,1.620488909762767e-05,0.9257823982533256,-1.4274681880976914e-08,infeasible
187,-1000.005568993864,COMPLETE,0.0036288161384744953,20,230,0.7090463785701856,4.507064253458485,-0.0005468993863993278,0.0010522975750089092,infeasible
188,4.315547614558492,COMPLETE,0.002148739088235662,17,190,0.1552127892875152,2.0995636289823394,0.07409525232077616,0.0018746648645605601,feasible
189,-1001.4328356195927,COMPLETE,0.0011700393825509912,15,300,0.03746472329481132,0.5271643804073085,0.20854248359587554,0.00016430276240220199,infeasible
190,-1001.2260515282329,COMPLETE,0.0013579905476101561,15,260,0.052340058271210736,0.7339484717670652,0.17201110128320118,0.0003011715584751995,infeasible
191,-1001.672920759773,COMPLETE,0.0011746400707365148,15,260,0.018273119065684896,0.2870792402270003,0.2576821247190399,4.946554100537792e-05,infeasible
192,-1001.9599709839738,COMPLETE,0.0009213998684244784,14,270,1.5034425317428878e-06,2.9016026259439184e-05,0.39708822863401,-1.3034732848637987e-08,infeasible
193,4.448041065201736,COMPLETE,0.0019707739624431025,13,290,0.2702659665460482,2.590939399089146,0.02947653416506955,0.002259351313390723,feasible
194,-1001.5763628896934,COMPLETE,0.001150537595882626,10,290,0.02738228447169797,0.38363711030652053,0.18684780963235167,8.800391527441498e-05,infeasible
195,4.402305529597761,COMPLETE,0.002528219321134638,13,280,0.4481062292981581,3.4690603966632274,0.008071212235061312,0.0023014945143129406,feasible
196,-1001.3193427990468,COMPLETE,0.0019099616927466781,17,150,0.04247303040253583,0.640657200953198,0.1711981421715204,0.00021939059468356614,infeasible
197,-1000.0112499823144,COMPLETE,0.002872066860508375,12,300,0.8603119185454967,6.122796051831686,-0.0011149982314435016,0.0004639933673060703,infeasible
198,-1000.0,COMPLETE,0.003175727934979306,12,290,,,,,invalid_nan
199,-1430.7856898848468,COMPLETE,0.003340628431191148,13,300,0.992121113004201,490.7729682937767,-0.0012621591070041517,0.008602848538306174,infeasible
200,-1000.0,COMPLETE,0.005855569776484911,12,290,,,,,invalid_nan
201,-1000.0,COMPLETE,0.007645769863296554,11,300,,,,,invalid_nan
202,-1000.0,COMPLETE,0.0053325361025978865,13,270,,,,,invalid_nan
203,-1000.8009340213947,COMPLETE,0.0020534490368981926,12,250,0.1506130860820457,1.159065978605265,0.029430634574383146,0.0005983460014836739,infeasible
204,-1000.7455314481105,COMPLETE,0.001558011212050703,13,270,0.09804703896856001,1.2144685518896001,0.09347540062167796,0.0007503734223066605,infeasible
205,-1001.0814470978603,COMPLETE,0.0024574478179150436,11,230,0.16856429046830093,0.8785529021396671,0.012510729920259025,0.00032488353719861696,infeasible
206,4.509687912862391,COMPLETE,0.0025243820691269268,14,300,0.5375752225414476,4.387728236837459,0.005693041919958229,0.0026176103885826585,feasible
207,4.39162227695541,COMPLETE,0.0023376578181895295,13,240,0.27371037410307064,2.587094655748794,0.022303456442941873,0.002161119561987279,feasible
208,4.30532977517778,COMPLETE,0.0018537305270539654,14,230,0.1597083078711839,2.077672028060229,0.0723695487564698,0.0018569349196150275,feasible
209,-1001.9597309673254,COMPLETE,0.0010435230050665054,14,300,1.787083152525237e-05,0.000269032674605976,0.2718669271854069,-2.923457165238119e-08,infeasible
210,-1001.0043114930558,COMPLETE,0.0018492095070320059,16,170,0.06133404018238156,0.9556885069442251,0.14593913022504965,0.0004742508745954055,infeasible
211,4.032735761231842,COMPLETE,0.0028432365413088023,14,230,0.34570130754673467,2.436532054020185,0.009375352713113542,0.0015489688987679884,feasible
212,-1000.0,COMPLETE,0.0049043147792946044,14,230,,,,,invalid_nan
213,4.763916790588248,COMPLETE,0.0018672699881906235,15,300,0.2877589800513663,3.101227738323905,0.03540938972912429,0.0031046771663144623,feasible
214,-1287.8848614967853,COMPLETE,0.0032924098869665254,15,300,0.9869969982109479,347.8724174105729,-0.001234408621239079,0.012204961644588397,infeasible
215,4.816997329832832,COMPLETE,0.0027600524612368406,14,290,0.673254988081903,7.425354588718258,0.0028082791749072565,0.0037132412517683067,feasible
216,-1000.0,COMPLETE,0.004601166977980027,14,300,,,,,invalid_nan
217,-1000.0064436588968,COMPLETE,0.0034369506991977607,14,250,0.8616738342620281,18.436959248974766,-0.0006343658896837073,0.003992414694396262,infeasible
218,-1001.9599992809095,COMPLETE,0.00013163814585908105,11,280,1.768065506937928e-08,7.190905271411926e-07,0.9689125998074111,-2.231432150168189e-09,infeasible
219,4.7200359979842705,COMPLETE,0.0023236972973227276,15,280,0.40175234896129036,3.72102362861923,0.013801111823710646,0.0031123481656681884,feasible
220,4.620298046550811,COMPLETE,0.0025979572613445546,14,300,0.5956374701132172,5.34839048127071,0.004361498339330254,0.002972406330000399,feasible
221,-1000.6553609494188,COMPLETE,0.0015099767199964372,14,290,0.11088985945480807,1.3046390505812882,0.09313295467361081,0.0008526299751794308,infeasible
222,4.524014976189295,COMPLETE,0.0025360630732511446,15,300,0.5463433501939853,4.508794954212298,0.005475902463988219,0.0026617626702790664,feasible
223,-1001.3271106883486,COMPLETE,0.0013344336900115354,14,290,0.049994960936394044,0.6328893116513485,0.14372231128240345,0.00022922178335194054,infeasible
224,4.7208366471432255,COMPLETE,0.0022938922042917585,14,300,0.4486014660481957,4.034858052771644,0.011298865138213904,0.0031459619645557435,feasible
225,4.396670852067426,COMPLETE,0.002554862953848967,15,280,0.4590814189460596,3.533252952815166,0.007509716662639471,0.0022963624805689697,feasible
226,-1001.3961166458879,COMPLETE,0.0012859126484401628,13,280,0.040954420309803556,0.5638833541121182,0.1654614534037339,0.00018407747139270736,infeasible
227,-1001.9599999788395,COMPLETE,0.00019548952662414747,11,300,5.473808718854897e-10,2.1160532893679604e-08,0.9310636962067035,-3.7329694890786413e-11,infeasible
228,-1000.0,COMPLETE,0.0034403798357022985,16,300,,,,,invalid_nan
229,-1000.0,COMPLETE,0.00383367951214237,14,290,,,,,invalid_nan
230,-1000.8716163626623,COMPLETE,0.0015563635673299663,16,300,0.10563436028626173,1.0883836373377578,0.08249276503585651,0.000604927144055023,infeasible
231,-1000.5474595616964,COMPLETE,0.0016726379709188991,17,300,0.14280029545930834,1.4125404383036284,0.06734629579235221,0.0009363926495281616,infeasible
232,4.671233101081601,COMPLETE,0.0023362087488045234,16,300,0.46240472995392806,4.038055520701156,0.010526647261601445,0.002999722095805235,feasible
233,-1000.6262214540744,COMPLETE,0.001601703162950752,16,300,0.1299882510466424,1.3337785459256097,0.07355447956969562,0.0008593933214088301,infeasible
234,4.279085597092043,COMPLETE,0.0017392846258486277,14,300,0.20921206686545557,2.152493376236285,0.04826184638091843,0.0018450412709158925,feasible
235,-1000.0022048772697,COMPLETE,0.002973538185088041,14,300,0.8883453330688341,29.923789887159398,-0.0002104877269760186,0.0070353398484486185,infeasible
236,5.222119757822199,COMPLETE,0.002867361014364669,15,300,0.8275484788751085,17.796678692735536,0.0006426916773968129,0.005958622390863755,feasible
237,-1000.4387127630446,COMPLETE,0.0016113056448036418,14,290,0.13697474358753622,1.5212872369554487,0.07209846493204156,0.001091909643315847,infeasible
238,4.536413258850186,COMPLETE,0.0024478006589852236,15,300,0.4987066330912026,4.07789285957153,0.007259281038477436,0.002658874774488118,feasible
239,4.8806531855558095,COMPLETE,0.002014818760014705,15,300,0.35194473588942765,3.6556517466350718,0.02407612642044214,0.0035693513568059165,feasible
240,4.7193824533856015,COMPLETE,0.002378037770486133,15,290,0.455202595773203,4.100582653829719,0.01042534162615898,0.003153977945803299,feasible
241,-1000.0,COMPLETE,0.003603527601945934,15,290,,,,,invalid_nan
242,-1435.6576368901226,COMPLETE,0.0033421716817460642,15,300,0.9922734336736502,495.6449079098747,-0.001262898024799652,0.00843419060596906,infeasible
243,-1000.0,COMPLETE,0.004448420853035295,15,280,,,,,invalid_nan
244,4.746408865431535,COMPLETE,0.002263125805902566,15,300,0.4384488748836053,4.004685308587186,0.012309181464608498,0.0032160290590326213,feasible
245,-1000.0,COMPLETE,0.0037680190762676203,15,300,,,,,invalid_nan
246,-1030.3750985831414,COMPLETE,0.003135909405010842,16,300,0.9557553433796561,90.36500960933778,-0.0009988973803642539,0.009960246120971794,infeasible
247,4.767983960469159,COMPLETE,0.002333577861277923,16,290,0.4394022100177861,4.06789912689771,0.012306142871414344,0.0032881773656587843,feasible
248,5.03344790565629,COMPLETE,0.002644277276647557,17,290,0.6222486352287818,7.070413942783667,0.004972767434211394,0.0045065021596111254,feasible
249,-1003.9923856101477,COMPLETE,0.003065762775473379,16,300,0.9372940739447657,63.98487712960691,-0.0007408480540841523,0.010078646178486639,infeasible
250,-1000.0728458219847,COMPLETE,0.0017188953173520112,16,300,0.18733557298871972,1.8871541780152017,0.0545888871989815,0.00150013217794831,infeasible
251,-1001.9599737172259,COMPLETE,0.0010162580669709751,13,300,1.7084714370206925e-06,2.6282774102060268e-05,0.2782705851303526,-9.443333004455212e-09,infeasible
252,-1001.9599666273562,COMPLETE,0.000743823864744756,16,300,1.594505227913432e-06,3.337264389433987e-05,0.5101132065361096,-3.6117217439013416e-08,infeasible
253,4.2866449906223645,COMPLETE,0.001832491053386711,17,300,0.22651443011616126,2.210345517805893,0.04552579583742491,0.001865401666220623,feasible
254,4.696075228363883,COMPLETE,0.002494411105769139,18,300,0.5352010617895332,4.777624052205539,0.006917377895752068,0.0031419136080028665,feasible
255,-1030.0689632088752,COMPLETE,0.0031353974750472666,18,300,0.955632379586233,90.05889303170073,-0.0009970177174478732,0.00996114759330946,infeasible
256,-1000.8446264617307,COMPLETE,0.0014411310766164517,15,300,0.09602029979578434,1.115373538269265,0.10640475453705969,0.0006485573457972738,infeasible
257,-1039.0167536217705,COMPLETE,0.003248200750815968,18,290,0.9633371992003382,99.00535394704869,-0.0011299674721747062,0.008160025116556335,infeasible
258,-1001.959996964618,COMPLETE,0.0008429205970436516,17,300,1.614172337729633e-07,3.035382049432339e-06,0.4365490912122939,-3.7031915312013552e-09,infeasible
259,-1440.0456488730422,COMPLETE,0.003343617461262701,17,300,0.9924142579996513,500.0329143045215,-0.0012634568520743367,0.008270469738996034,infeasible
260,4.27425788341006,COMPLETE,0.0019805648383396813,18,290,0.24587508684045148,2.2748164009770013,0.035133722204499084,0.001866329363219732,feasible
261,-1001.9599997764861,COMPLETE,0.0007186436433715628,18,300,1.0260118906630283e-08,2.2351388180814957e-07,0.5462207909219028,-3.9270364737831187e-10,infeasible
262,-1000.0089671421794,COMPLETE,0.0032472953295929648,17,280,0.9283817937058654,41.46242093155549,-0.0008867142179385766,0.005498820539586169,infeasible
263,-1001.9599964128739,COMPLETE,0.0004012763353292203,18,300,1.2241471754320795e-07,3.587126132567558e-06,0.8138844137829423,-6.985612976961875e-09,infeasible
264,-1001.0960806072572,COMPLETE,0.0016541787968419608,19,300,0.09341191950763836,0.8639193927427061,0.07406434975926768,0.0003925577991533702,infeasible
265,-1000.0085387099688,COMPLETE,0.0033918461527785884,15,260,0.896675913063045,25.834226484521675,-0.0008438709968829035,0.0043987186477156826,infeasible
266,4.565879118261609,COMPLETE,0.002406683432385063,14,300,0.48220560422031605,3.9977742059566865,0.008199727482451055,0.0027245692140555056,feasible
267,4.504986040559471,COMPLETE,0.0017697561616225963,15,300,0.2359433650182336,2.5111303860692518,0.04549986267705821,0.0023443159953320247,feasible
268,-1031.9864278201992,COMPLETE,0.0031389391892569407,14,300,0.9564752163246562,91.97625377425281,-0.0010074045946298577,0.009969927381752841,infeasible
269,-1000.0,COMPLETE,0.0050572768970024344,14,300,,,,,invalid_nan
270,-1268.1564440993463,COMPLETE,0.003286583418824073,14,300,0.9861989990979345,328.1440427951776,-0.0012301304168722417,0.012266190793307263,infeasible
271,-1000.0,COMPLETE,0.007863058452055536,14,300,,,,,invalid_nan
272,4.283197451352849,COMPLETE,0.0017867305045741024,13,300,0.22138599057331318,2.199522703244778,0.04206981146405436,0.0018663879879510237,feasible
273,4.502826250221604,COMPLETE,0.002481577970975266,15,300,0.5123532290283888,4.13024232201268,0.006546727320647214,0.0025812294254984325,feasible
274,-1000.6337763793615,COMPLETE,0.001580676990718678,13,300,0.12815727915856065,1.3262236206385183,0.07020327079320098,0.0008516522138193316,infeasible
275,4.6047933080843055,COMPLETE,0.0023442784938384944,13,300,0.4579156814389719,3.880206720579508,0.009800785057791793,0.0028112078129900464,feasible
276,-1001.9598446816282,COMPLETE,0.0006310629482794307,14,300,6.628767757437383e-06,0.0001553183718200544,0.593294297681439,-7.077459929227814e-08,infeasible
277,-1001.1864200631392,COMPLETE,0.001383907827586211,15,260,0.05616247680060342,0.7735799368608145,0.16225085247171298,0.00033185812875591303,infeasible
278,-1001.8759900496775,COMPLETE,0.001047210229503046,15,260,0.004841494218396296,0.08400995032252256,0.33384875248616036,4.292953085016649e-06,infeasible
279,-1001.9599999442624,COMPLETE,0.0005485413383788937,14,270,2.0295224718891344e-09,5.573751506882188e-08,0.698930978027207,-6.324452073158682e-11,infeasible
280,-1001.9599998833183,COMPLETE,0.0005075406808914618,15,300,4.442987214993573e-09,1.1668167549123669e-07,0.7108943159201301,-1.2244161240460016e-10,infeasible
281,-1001.9593727292719,COMPLETE,0.0009641535609636938,15,260,3.364832327319261e-05,0.000627270728149127,0.3900132630759778,-2.943516519415823e-08,infeasible
282,-1001.9599951497213,COMPLETE,0.00043361020160825105,14,300,1.69803319097133e-07,4.850278759662993e-06,0.7677148795322161,-4.136897935325123e-09,infeasible
283,-1001.9599994952806,COMPLETE,0.0008811625047063558,24,240,2.2248224905545977e-08,5.047193942973146e-07,0.5338547639791865,-1.8488099939872882e-10,infeasible
284,-1001.9599935943605,COMPLETE,1.9372063340413223e-05,14,100,1.6671645783290561e-07,6.405639442294755e-06,0.9949915008502122,-6.5278593641693305e-09,infeasible
285,-1000.0,COMPLETE,0.007281743021430271,15,250,,,,,invalid_nan
286,-1000.0,COMPLETE,0.005304644289240669,16,270,,,,,invalid_nan
287,-1000.0,COMPLETE,0.008244569429507301,16,260,,,,,invalid_nan
288,4.606078962787117,COMPLETE,0.0024205758545202865,16,300,0.4935991014355578,4.171482960961641,0.008152636198146457,0.0028407554312770422,feasible
289,4.421116521214918,COMPLETE,0.00254872492918619,15,260,0.38592676051987673,3.1445662671936545,0.010646893646650222,0.002314583406689552,feasible
290,4.485933213916975,COMPLETE,0.0024790468569170325,15,260,0.3694997299909388,3.1543631111327777,0.012622268425449588,0.0024546029471625985,feasible
291,-1001.3688824393911,COMPLETE,0.0016366945791196042,12,300,0.07631159232708057,0.591117560608884,0.05141818602301806,0.0001900343016552064,infeasible
292,-1000.9967314106967,COMPLETE,0.002493920196477416,12,300,0.3634821918265291,0.9632685893032563,0.0018483331912281448,0.00023940952636503088,infeasible
293,4.874811930111585,COMPLETE,0.0020861087360932425,15,300,0.3792437755862213,3.823429628856116,0.019920757588940907,0.003581924848530038,feasible
294,4.77918041050411,COMPLETE,0.0022833635859106074,17,300,0.4460098506029898,4.116728421923112,0.013320260847343456,0.0033127248758000327,feasible
295,4.690749865839571,COMPLETE,0.0020817589761045396,17,300,0.3507210971034165,3.307039704266959,0.02364957875973077,0.0029384582701466044,feasible
296,-1000.0,COMPLETE,0.008117321468132793,20,290,,,,,invalid_nan
297,-1100.2758514905402,COMPLETE,0.003213718887735785,17,300,0.9734861282876468,160.26419021190378,-0.0011561278636317432,0.01111909908997688,infeasible
298,4.756660118027558,COMPLETE,0.0021868098587117433,17,300,0.4016623895337272,3.740891925085153,0.017635242643613033,0.0031917758459895085,feasible
299,4.64116472101259,COMPLETE,0.002212727323130757,18,300,0.3911414159516931,3.4663976057109416,0.016869000823083284,0.0028400146544305116,feasible
300,-1000.0,COMPLETE,0.004124580785744009,18,300,,,,,invalid_nan
301,-1001.9599862876191,COMPLETE,0.0014182082540438895,21,50,5.567746710105392e-07,1.3712380869013823e-05,0.7350683871626013,-3.5741314352577547e-09,infeasible
302,5.144946603292105,COMPLETE,0.0028207535220957387,17,300,0.7942492084533059,14.164183513491436,0.0011420648212476603,0.0053861641488475165,feasible
303,-1001.5146131090585,COMPLETE,0.0014316921356265489,17,300,0.041436110860346514,0.4453868909415191,0.12028325409639887,0.00011649180454698094,infeasible
304,-1023.3951319238768,COMPLETE,0.003463497418454667,18,270,0.9655068654921193,83.38191745933243,-0.0013114464544308352,0.0050786439443034626,infeasible
305,-1000.0,COMPLETE,0.004809580523265851,19,300,,,,,invalid_nan
306,-1063.6217413187508,COMPLETE,0.003303510349420875,19,290,0.973243200778217,123.60952312466654,-0.001211819408415214,0.00674230915296925,infeasible
307,-1001.5457852767404,COMPLETE,0.0015987537245617744,21,290,0.04061009885693619,0.41421472325966757,0.09576457743695893,0.00010058351742980864,infeasible
308,4.928154145291072,COMPLETE,0.002412492213041049,19,290,0.4782047389164331,4.751715930664629,0.01120939855163966,0.003892455184825616,feasible
