number,value,state,params_lambda,params_n_lags,params_window_size,user_attrs_kappa,user_attrs_kappa_tstat,user_attrs_r2_stage1,user_attrs_r2_stage2,user_attrs_status
466,-1001.4332216792657,COMPLETE,0.0013740892355227077,16,250,0.03728093264729555,0.5267783207342785,0.18145281442732697,0.0001592459676523772,infeasible
467,-1000.0,COMPLETE,0.009885523551617396,14,230,,,,,invalid_nan
468,4.276578383644897,COMPLETE,0.0019815223287486736,15,270,0.22359039411755083,2.227516554785484,0.03573274582067377,0.0018693300549714742,feasible
469,-1001.2968378847434,COMPLETE,0.0012720203505273552,14,300,0.05142177573848965,0.6631621152566173,0.15757643846936192,0.00025239114641018023,infeasible
470,4.812841294664671,COMPLETE,0.0021990144951758977,15,300,0.4193188436196619,3.989743270297166,0.01469928924076475,0.003412781753573735,feasible
471,-1001.3771599484954,COMPLETE,0.0012452379500710767,14,300,0.044434848745742966,0.5828400515045838,0.16836309788251305,0.00019784897984920224,infeasible
472,-1042.4952989257858,COMPLETE,0.006095522289787006,16,140,0.9785533489636961,102.46240399528938,-0.0032794930496551867,0.002720194932405162,infeasible
473,-1000.0183727754769,COMPLETE,0.005107811217928156,16,150,0.652709469808916,3.5778771783231065,-0.0018272775476957644,0.0008991750654456787,infeasible
474,-1000.0,COMPLETE,0.005316290677414117,14,300,,,,,invalid_nan
475,-1000.0,COMPLETE,0.003787194922413973,14,300,,,,,invalid_nan
476,-1092.4688570915675,COMPLETE,0.003208181712661802,15,300,0.9723091449419445,152.45727502612854,-0.0011482065438912776,0.010976007065142124,infeasible
477,-1000.0036511407357,COMPLETE,0.0029953841544599897,15,300,0.9005182261088814,34.623508979469946,-0.00035511407356089334,0.007473295873033137,infeasible
478,-1000.0,COMPLETE,0.003554140940280591,15,300,,,,,invalid_nan
479,4.570467297408378,COMPLETE,0.0018761561669447323,16,300,0.27202905907415753,2.741299468028946,0.03668084455284867,0.0025373187900213923,feasible
480,-1001.9599999665194,COMPLETE,0.00015423074044577662,15,300,9.241149596801555e-10,3.348065250322861e-08,0.9623366661658779,-5.373457234725265e-11,infeasible
481,4.723451099788698,COMPLETE,0.0022626031122682405,16,270,0.3483019324112087,3.40297951567056,0.019196439426699807,0.003071922094084134,feasible
482,-1001.7651357269249,COMPLETE,0.0011360060248761118,15,260,0.012082376926443823,0.19486427307515933,0.2794109718369309,2.2998943333463195e-05,infeasible
483,-1001.9599992921054,COMPLETE,6.37286965762819e-05,13,20,1.8858451918924118e-08,7.07894588071292e-07,0.9551070945182202,-8.090199621335614e-10,infeasible
484,4.056125632640582,COMPLETE,0.0021688552669191404,15,260,0.23371217914857767,2.032169087181158,0.025683105519527884,0.0015062353408152873,feasible
485,-1000.601868216844,COMPLETE,0.0016603271537179549,15,260,0.11427479281033981,1.3581317831560762,0.08590131001643121,0.0008999656795506406,infeasible
486,4.050570016411648,COMPLETE,0.0021884058173261105,16,260,0.23833138809335958,2.0381113532936204,0.025527979781317656,0.0014978090093907825,feasible
487,-1000.0,COMPLETE,0.006060349397522359,16,260,,,,,invalid_nan
488,-1001.9564722614232,COMPLETE,0.001061107253249755,14,300,0.00023886798835135494,0.003527738576809307,0.2613262031832228,-5.004898695482041e-08,infeasible
489,-1001.1588578294001,COMPLETE,0.001308525809455838,15,300,0.06308127790932727,0.8011421705999461,0.1483719867011858,0.0003594060282833267,infeasible
490,4.868159719922868,COMPLETE,0.002683889393716748,17,300,0.6783005412174613,7.693950197489366,0.003057140280704343,0.0038958970209114208,feasible
491,-1000.0071208343333,COMPLETE,0.0030576773269751327,16,300,0.9339098175520727,59.821036506197316,-0.000702083433320823,0.009794648381641569,infeasible
492,-1001.5781145790611,COMPLETE,0.0015720008882557043,17,270,0.035229097962820255,0.3818854209388788,0.10719119354695582,8.516500897326473e-05,infeasible
493,-1001.4389682774448,COMPLETE,0.0015954380318860138,17,260,0.04643175443132592,0.5210317225551673,0.10994197882795916,0.0001539142636163282,infeasible
494,4.471806834285018,COMPLETE,0.001906434179393911,17,300,0.26584463700487937,2.5786994644704726,0.03780855617688417,0.0022863260007820463,feasible
495,4.716261380871918,COMPLETE,0.0025659412726192934,18,300,0.5820636366500718,5.404531208571994,0.005288664235834648,0.0032498903884716768,feasible
496,-1000.0061924939351,COMPLETE,0.0030393654366821245,18,300,0.9251155469621677,50.68332164179338,-0.0006092493935112296,0.009056133392822852,infeasible
497,-1000.0,COMPLETE,0.007400643500807224,17,300,,,,,invalid_nan
498,4.801629682660935,COMPLETE,0.00263205165082454,17,300,0.6376268001138848,6.5615426577552345,0.003939682876070373,0.003597087999856363,feasible
499,-1000.0,COMPLETE,0.004171673324792356,18,300,,,,,invalid_nan
