number,value,datetime_start,datetime_complete,duration,params_lambda,params_window_size,state
0,0.0,2026-03-31 16:50:15.519387,2026-03-31 16:50:16.932899,0 days 00:00:01.413512,0.005611516415334507,384,COMPLETE
1,0.0,2026-03-31 16:50:16.933435,2026-03-31 16:50:18.293134,0 days 00:00:01.359699,0.029106359131330698,264,COMPLETE
2,0.17729739729915545,2026-03-31 16:50:18.293715,2026-03-31 16:50:19.523075,0 days 00:00:01.229360,0.0020513382630874496,113,COMPLETE
3,0.24249751416924742,2026-03-31 16:50:19.523606,2026-03-31 16:50:20.998804,0 days 00:00:01.475198,0.0013066739238053278,355,COMPLETE
4,0.0,2026-03-31 16:50:20.999429,2026-03-31 16:50:22.526360,0 days 00:00:01.526931,0.015930522616241012,301,COMPLETE
5,0.0,2026-03-31 16:50:22.526876,2026-03-31 16:50:24.229355,0 days 00:00:01.702479,0.0010994335574766201,390,COMPLETE
6,0.0,2026-03-31 16:50:24.229827,2026-03-31 16:50:25.420771,0 days 00:00:01.190944,0.04622589001020832,132,COMPLETE
7,0.2133445463639077,2026-03-31 16:50:25.421213,2026-03-31 16:50:26.756890,0 days 00:00:01.335677,0.0023102018878452934,122,COMPLETE
8,0.24838784848393183,2026-03-31 16:50:26.757296,2026-03-31 16:50:28.163912,0 days 00:00:01.406616,0.004059611610484304,238,COMPLETE
9,0.0,2026-03-31 16:50:28.164825,2026-03-31 16:50:29.430235,0 days 00:00:01.265410,0.007309539835912915,159,COMPLETE
10,0.24333460242772345,2026-03-31 16:50:29.430794,2026-03-31 16:50:31.104731,0 days 00:00:01.673937,0.004194601131160368,193,COMPLETE
11,0.0,2026-03-31 16:50:31.105777,2026-03-31 16:50:32.416745,0 days 00:00:01.310968,0.004038532624194701,210,COMPLETE
12,0.0,2026-03-31 16:50:32.417257,2026-03-31 16:50:33.696162,0 days 00:00:01.278905,0.013527769084615445,207,COMPLETE
13,0.0,2026-03-31 16:50:33.696592,2026-03-31 16:50:35.081261,0 days 00:00:01.384669,0.003359181743274862,272,COMPLETE
14,0.0,2026-03-31 16:50:35.081741,2026-03-31 16:50:36.278813,0 days 00:00:01.197072,0.009756377654499417,64,COMPLETE
15,0.0,2026-03-31 16:50:36.279277,2026-03-31 16:50:37.548865,0 days 00:00:01.269588,0.08611382274356354,181,COMPLETE
16,0.0,2026-03-31 16:50:37.549276,2026-03-31 16:50:38.857412,0 days 00:00:01.308136,0.004568521423647299,242,COMPLETE
17,0.0,2026-03-31 16:50:38.857832,2026-03-31 16:50:40.450840,0 days 00:00:01.593008,0.0027485124761907824,317,COMPLETE
18,0.0,2026-03-31 16:50:40.451994,2026-03-31 16:50:41.679344,0 days 00:00:01.227350,0.021953400416606827,170,COMPLETE
19,0.0,2026-03-31 16:50:41.679789,2026-03-31 16:50:42.971813,0 days 00:00:01.292024,0.007709158256451342,233,COMPLETE
20,0.10467588676847096,2026-03-31 16:50:42.972218,2026-03-31 16:50:44.198894,0 days 00:00:01.226676,0.0017535536692436194,72,COMPLETE
21,0.0,2026-03-31 16:50:44.199327,2026-03-31 16:50:45.758878,0 days 00:00:01.559551,0.0013129644614478927,344,COMPLETE
22,0.0,2026-03-31 16:50:45.759332,2026-03-31 16:50:47.303180,0 days 00:00:01.543848,0.0016497493371511443,331,COMPLETE
23,0.22817072678852668,2026-03-31 16:50:47.303625,2026-03-31 16:50:48.655038,0 days 00:00:01.351413,0.0030583610234684745,279,COMPLETE
24,0.0,2026-03-31 16:50:48.655440,2026-03-31 16:50:49.933078,0 days 00:00:01.277638,0.004640469364216046,202,COMPLETE
25,0.0,2026-03-31 16:50:49.933489,2026-03-31 16:50:51.617827,0 days 00:00:01.684338,0.0010414029242092552,365,COMPLETE
26,0.0,2026-03-31 16:50:51.618265,2026-03-31 16:50:52.885627,0 days 00:00:01.267362,0.006574970341987245,244,COMPLETE
27,0.0,2026-03-31 16:50:52.886056,2026-03-31 16:50:54.243678,0 days 00:00:01.357622,0.009866674183934354,293,COMPLETE
28,0.0,2026-03-31 16:50:54.244089,2026-03-31 16:50:55.750532,0 days 00:00:01.506443,0.00153505101157423,142,COMPLETE
29,0.0,2026-03-31 16:50:55.750940,2026-03-31 16:50:57.110704,0 days 00:00:01.359764,0.005307222852521423,359,COMPLETE
30,0.11829916336146871,2026-03-31 16:50:57.111143,2026-03-31 16:50:58.437153,0 days 00:00:01.326010,0.002425044750068244,96,COMPLETE
31,0.0,2026-03-31 16:50:58.437591,2026-03-31 16:50:59.780282,0 days 00:00:01.342691,0.0031202043745174463,274,COMPLETE
32,0.0,2026-03-31 16:50:59.780669,2026-03-31 16:51:01.074431,0 days 00:00:01.293762,0.0036637907614795297,260,COMPLETE
33,0.4850430697238775,2026-03-31 16:51:01.074833,2026-03-31 16:51:02.414496,0 days 00:00:01.339663,0.0022175774448114915,192,COMPLETE
34,0.19318685570081023,2026-03-31 16:51:02.414962,2026-03-31 16:51:03.731245,0 days 00:00:01.316283,0.0020670642661724534,185,COMPLETE
35,0.0,2026-03-31 16:51:03.731709,2026-03-31 16:51:05.258876,0 days 00:00:01.527167,0.0014561094460351612,218,COMPLETE
36,0.10467245847900597,2026-03-31 16:51:05.259266,2026-03-31 16:51:06.635568,0 days 00:00:01.376302,0.0019263432602523122,154,COMPLETE
37,0.0,2026-03-31 16:51:06.635976,2026-03-31 16:51:08.252518,0 days 00:00:01.616542,0.001233225931218315,188,COMPLETE
38,0.2625986646042038,2026-03-31 16:51:08.252960,2026-03-31 16:51:09.568033,0 days 00:00:01.315073,0.002391322742040619,104,COMPLETE
39,0.1830846399951931,2026-03-31 16:51:09.568452,2026-03-31 16:51:10.770363,0 days 00:00:01.201911,0.00573734861763163,98,COMPLETE
40,0.2003509517835582,2026-03-31 16:51:10.770769,2026-03-31 16:51:12.109457,0 days 00:00:01.338688,0.0024331767227797024,103,COMPLETE
41,0.0,2026-03-31 16:51:12.109871,2026-03-31 16:51:13.640292,0 days 00:00:01.530421,0.0020093474646356653,132,COMPLETE
42,0.11159577993867376,2026-03-31 16:51:13.640716,2026-03-31 16:51:15.180791,0 days 00:00:01.540075,0.001025064343447058,380,COMPLETE
43,0.0,2026-03-31 16:51:15.181229,2026-03-31 16:51:16.540700,0 days 00:00:01.359471,0.004153345594336622,303,COMPLETE
44,0.0,2026-03-31 16:51:16.541099,2026-03-31 16:51:17.791152,0 days 00:00:01.250053,0.0027502552659158315,162,COMPLETE
45,0.0,2026-03-31 16:51:17.791556,2026-03-31 16:51:19.166550,0 days 00:00:01.374994,0.013150303269800176,400,COMPLETE
46,0.20736594336787337,2026-03-31 16:51:19.166995,2026-03-31 16:51:20.388424,0 days 00:00:01.221429,0.003819695967168968,82,COMPLETE
47,0.0,2026-03-31 16:51:20.388858,2026-03-31 16:51:21.700228,0 days 00:00:01.311370,0.008064423425680851,227,COMPLETE
48,0.0,2026-03-31 16:51:21.700630,2026-03-31 16:51:22.914316,0 days 00:00:01.213686,0.04346450644988556,118,COMPLETE
49,0.38568816984546284,2026-03-31 16:51:22.914702,2026-03-31 16:51:24.245169,0 days 00:00:01.330467,0.005351278746952587,194,COMPLETE
50,0.0,2026-03-31 16:51:24.245602,2026-03-31 16:51:25.586300,0 days 00:00:01.340698,0.005361999999065321,199,COMPLETE
51,0.1371265373306606,2026-03-31 16:51:25.586740,2026-03-31 16:51:26.905834,0 days 00:00:01.319094,0.002661658129087621,172,COMPLETE
52,0.0,2026-03-31 16:51:26.906236,2026-03-31 16:51:28.199797,0 days 00:00:01.293561,0.003254495093170277,254,COMPLETE
53,0.0,2026-03-31 16:51:28.200195,2026-03-31 16:51:29.465031,0 days 00:00:01.264836,0.006351625494415671,146,COMPLETE
54,0.24713818950085822,2026-03-31 16:51:29.465462,2026-03-31 16:51:30.844320,0 days 00:00:01.378858,0.0022336167034303885,218,COMPLETE
55,0.2676502554645249,2026-03-31 16:51:30.844763,2026-03-31 16:51:32.137161,0 days 00:00:01.292398,0.004753758769628638,220,COMPLETE
56,0.0,2026-03-31 16:51:32.137573,2026-03-31 16:51:33.409078,0 days 00:00:01.271505,0.004736905053233192,216,COMPLETE
57,0.28500608850927744,2026-03-31 16:51:33.409485,2026-03-31 16:51:34.771231,0 days 00:00:01.361746,0.002229122954391771,233,COMPLETE
58,0.2514891370768483,2026-03-31 16:51:34.771655,2026-03-31 16:51:36.051537,0 days 00:00:01.279882,0.0034462895865224694,238,COMPLETE
59,0.29341799348698455,2026-03-31 16:51:36.051983,2026-03-31 16:51:37.428830,0 days 00:00:01.376847,0.0018224662683350228,253,COMPLETE
60,0.10467216373290468,2026-03-31 16:51:37.429224,2026-03-31 16:51:38.883184,0 days 00:00:01.453960,0.0016052833292581785,254,COMPLETE
61,0.6105359829624177,2026-03-31 16:51:38.883577,2026-03-31 16:51:40.258649,0 days 00:00:01.375072,0.003505898780188227,231,COMPLETE
62,0.17137623842744343,2026-03-31 16:51:40.259133,2026-03-31 16:51:41.570720,0 days 00:00:01.311587,0.001853866035355032,225,COMPLETE
63,0.3314349601729276,2026-03-31 16:51:41.571153,2026-03-31 16:51:42.943204,0 days 00:00:01.372051,0.0027711388679211887,246,COMPLETE
64,0.1046694861501433,2026-03-31 16:51:42.943609,2026-03-31 16:51:44.396723,0 days 00:00:01.453114,0.0013274344537919168,245,COMPLETE
65,0.0,2026-03-31 16:51:44.397109,2026-03-31 16:51:45.666951,0 days 00:00:01.269842,0.008709482104616431,205,COMPLETE
66,0.2890802944902983,2026-03-31 16:51:45.667382,2026-03-31 16:51:46.986161,0 days 00:00:01.318779,0.0029414618009748913,195,COMPLETE
67,0.304537403476485,2026-03-31 16:51:46.986587,2026-03-31 16:51:48.290288,0 days 00:00:01.303701,0.0027713867635107753,177,COMPLETE
68,0.1784072005013579,2026-03-31 16:51:48.290701,2026-03-31 16:51:49.586531,0 days 00:00:01.295830,0.0033001475554050035,178,COMPLETE
69,0.4084147931262594,2026-03-31 16:51:49.586934,2026-03-31 16:51:50.960168,0 days 00:00:01.373234,0.002785583768231898,194,COMPLETE
70,0.0,2026-03-31 16:51:50.960603,2026-03-31 16:51:52.490217,0 days 00:00:01.529614,0.0017922604827144484,288,COMPLETE
71,0.0,2026-03-31 16:51:52.490660,2026-03-31 16:51:53.791648,0 days 00:00:01.300988,0.002782350944557911,193,COMPLETE
72,0.12475314706420992,2026-03-31 16:51:53.792047,2026-03-31 16:51:55.126469,0 days 00:00:01.334422,0.0028169713353487454,169,COMPLETE
73,0.13796346348315938,2026-03-31 16:51:55.126882,2026-03-31 16:51:56.390433,0 days 00:00:01.263551,0.003852075750540907,197,COMPLETE
74,0.0,2026-03-31 16:51:56.390869,2026-03-31 16:51:57.641965,0 days 00:00:01.251096,0.002998418039752656,180,COMPLETE
75,0.18407601809584362,2026-03-31 16:51:57.642396,2026-03-31 16:51:59.001158,0 days 00:00:01.358762,0.0024003632486700316,207,COMPLETE
76,0.23657601502346468,2026-03-31 16:51:59.001548,2026-03-31 16:52:00.340305,0 days 00:00:01.338757,0.0020513199395710176,160,COMPLETE
77,0.18560083918669168,2026-03-31 16:52:00.340698,2026-03-31 16:52:01.673451,0 days 00:00:01.332753,0.004271282783694902,266,COMPLETE
78,0.35910413134100966,2026-03-31 16:52:01.673872,2026-03-31 16:52:02.986566,0 days 00:00:01.312694,0.0012047106301147968,214,COMPLETE
79,0.0,2026-03-31 16:52:02.986984,2026-03-31 16:52:04.621128,0 days 00:00:01.634144,0.001303902066360685,250,COMPLETE
80,0.30473374210989373,2026-03-31 16:52:04.621540,2026-03-31 16:52:05.944779,0 days 00:00:01.323239,0.0011985783539332385,212,COMPLETE
81,0.1129169189724967,2026-03-31 16:52:05.945177,2026-03-31 16:52:07.321314,0 days 00:00:01.376137,0.0014647426394720684,208,COMPLETE
82,0.29606060984707055,2026-03-31 16:52:07.321747,2026-03-31 16:52:08.629122,0 days 00:00:01.307375,0.0011134211966347936,184,COMPLETE
83,0.31224918968021736,2026-03-31 16:52:08.629556,2026-03-31 16:52:09.892194,0 days 00:00:01.262638,0.001116996884753871,188,COMPLETE
84,0.0,2026-03-31 16:52:09.892589,2026-03-31 16:52:11.422330,0 days 00:00:01.529741,0.0011505019382387555,212,COMPLETE
85,0.0,2026-03-31 16:52:11.422723,2026-03-31 16:52:12.854392,0 days 00:00:01.431669,0.001409491487758864,174,COMPLETE
86,0.10466973623073832,2026-03-31 16:52:12.854823,2026-03-31 16:52:14.246804,0 days 00:00:01.391981,0.0011477156274452714,189,COMPLETE
87,0.0,2026-03-31 16:52:14.247237,2026-03-31 16:52:15.526898,0 days 00:00:01.279661,0.001619987585442041,231,COMPLETE
88,0.26034247795614374,2026-03-31 16:52:15.527284,2026-03-31 16:52:16.814168,0 days 00:00:01.286884,0.0012408498956668844,152,COMPLETE
89,0.0,2026-03-31 16:52:16.814558,2026-03-31 16:52:18.087232,0 days 00:00:01.272674,0.0034964108927565715,166,COMPLETE
90,0.0,2026-03-31 16:52:18.087670,2026-03-31 16:52:19.682590,0 days 00:00:01.594920,0.0010257118883216028,200,COMPLETE
91,0.0,2026-03-31 16:52:19.683029,2026-03-31 16:52:21.219385,0 days 00:00:01.536356,0.001076352667336693,183,COMPLETE
92,0.16388023237673466,2026-03-31 16:52:21.219790,2026-03-31 16:52:22.685713,0 days 00:00:01.465923,0.0012007464505134743,223,COMPLETE
93,0.0,2026-03-31 16:52:22.686121,2026-03-31 16:52:23.968014,0 days 00:00:01.281893,0.0014941701904532415,190,COMPLETE
94,0.29976073873408454,2026-03-31 16:52:23.968441,2026-03-31 16:52:25.284326,0 days 00:00:01.315885,0.00251449985044732,214,COMPLETE
95,0.16430176611218322,2026-03-31 16:52:25.284751,2026-03-31 16:52:26.678931,0 days 00:00:01.394180,0.0024872577810340275,238,COMPLETE
96,0.0,2026-03-31 16:52:26.679321,2026-03-31 16:52:27.940398,0 days 00:00:01.261077,0.08874990983893913,213,COMPLETE
97,0.26132400143371187,2026-03-31 16:52:27.940792,2026-03-31 16:52:29.248025,0 days 00:00:01.307233,0.0025789573633816913,204,COMPLETE
98,0.1046697354259695,2026-03-31 16:52:29.248456,2026-03-31 16:52:30.707745,0 days 00:00:01.459289,0.0021416869826212034,230,COMPLETE
99,0.32850059103788726,2026-03-31 16:52:30.708190,2026-03-31 16:52:32.092103,0 days 00:00:01.383913,0.0017241301117223592,264,COMPLETE
100,0.0,2026-03-31 16:52:32.092496,2026-03-31 16:52:33.717925,0 days 00:00:01.625429,0.001666766136226925,281,COMPLETE
101,0.2268422492818466,2026-03-31 16:52:33.718324,2026-03-31 16:52:35.069150,0 days 00:00:01.350826,0.002019066241999858,245,COMPLETE
102,0.4876050218427266,2026-03-31 16:52:35.069589,2026-03-31 16:52:36.567435,0 days 00:00:01.497846,0.001389696493650478,270,COMPLETE
103,0.34798697011957935,2026-03-31 16:52:36.567899,2026-03-31 16:52:38.123169,0 days 00:00:01.555270,0.0017865212556783308,273,COMPLETE
104,0.33262088795192396,2026-03-31 16:52:38.123823,2026-03-31 16:52:39.510550,0 days 00:00:01.386727,0.0013588278728189536,302,COMPLETE
105,0.0,2026-03-31 16:52:39.510965,2026-03-31 16:52:41.042378,0 days 00:00:01.531413,0.0013853972156547647,305,COMPLETE
106,0.0,2026-03-31 16:52:41.042830,2026-03-31 16:52:42.390080,0 days 00:00:01.347250,0.0017340340210093303,312,COMPLETE
107,0.10467107027317926,2026-03-31 16:52:42.390533,2026-03-31 16:52:43.844572,0 days 00:00:01.454039,0.0019151793631269542,264,COMPLETE
108,0.26093146577368986,2026-03-31 16:52:43.844988,2026-03-31 16:52:45.241406,0 days 00:00:01.396418,0.0015634097601296163,272,COMPLETE
109,0.2555655029694715,2026-03-31 16:52:45.241850,2026-03-31 16:52:46.655797,0 days 00:00:01.413947,0.002238176665182705,285,COMPLETE
110,0.3995942870994017,2026-03-31 16:52:46.656201,2026-03-31 16:52:48.134227,0 days 00:00:01.478026,0.0013274989198009107,296,COMPLETE
111,0.0,2026-03-31 16:52:48.134685,2026-03-31 16:52:49.671525,0 days 00:00:01.536840,0.001327753668136105,296,COMPLETE
112,0.0,2026-03-31 16:52:49.671943,2026-03-31 16:52:51.065851,0 days 00:00:01.393908,0.018304038632682665,323,COMPLETE
113,0.0,2026-03-31 16:52:51.066258,2026-03-31 16:52:52.553208,0 days 00:00:01.486950,0.0017468865304889382,276,COMPLETE
114,0.2041371280082243,2026-03-31 16:52:52.553680,2026-03-31 16:52:54.049476,0 days 00:00:01.495796,0.001003834753896568,293,COMPLETE
115,0.18331902492596577,2026-03-31 16:52:54.049856,2026-03-31 16:52:55.409483,0 days 00:00:01.359627,0.0014913834289318581,262,COMPLETE
116,0.10637801813697306,2026-03-31 16:52:55.410024,2026-03-31 16:52:56.834125,0 days 00:00:01.424101,0.0012857734926060922,330,COMPLETE
117,0.0,2026-03-31 16:52:56.834532,2026-03-31 16:52:58.105841,0 days 00:00:01.271309,0.01230804565053004,269,COMPLETE
118,0.5577515686371113,2026-03-31 16:52:58.106277,2026-03-31 16:52:59.482730,0 days 00:00:01.376453,0.0019812113555075605,311,COMPLETE
119,0.49068591910746406,2026-03-31 16:52:59.483145,2026-03-31 16:53:00.834675,0 days 00:00:01.351530,0.0021565957568939567,316,COMPLETE
120,0.0,2026-03-31 16:53:00.835060,2026-03-31 16:53:02.167840,0 days 00:00:01.332780,0.0030979484418227157,346,COMPLETE
121,0.313700577628325,2026-03-31 16:53:02.168241,2026-03-31 16:53:03.622929,0 days 00:00:01.454688,0.0018897732034884153,318,COMPLETE
122,0.0,2026-03-31 16:53:03.623365,2026-03-31 16:53:05.009285,0 days 00:00:01.385920,0.0022955528769187635,311,COMPLETE
123,0.33712641531233417,2026-03-31 16:53:05.009789,2026-03-31 16:53:06.528558,0 days 00:00:01.518769,0.0020586308227507227,297,COMPLETE
124,0.0,2026-03-31 16:53:06.528944,2026-03-31 16:53:07.846072,0 days 00:00:01.317128,0.07679883610382857,306,COMPLETE
125,0.0,2026-03-31 16:53:07.846470,2026-03-31 16:53:09.136655,0 days 00:00:01.290185,0.002181277986267483,297,COMPLETE
126,0.12233373014959056,2026-03-31 16:53:09.137085,2026-03-31 16:53:10.552176,0 days 00:00:01.415091,0.001951370903256714,330,COMPLETE
127,0.10466949163375955,2026-03-31 16:53:10.552607,2026-03-31 16:53:11.993806,0 days 00:00:01.441199,0.0015870466803274937,338,COMPLETE
128,0.20744331392136822,2026-03-31 16:53:11.994221,2026-03-31 16:53:13.402477,0 days 00:00:01.408256,0.002611227235248893,287,COMPLETE
129,0.0,2026-03-31 16:53:13.402883,2026-03-31 16:53:14.708425,0 days 00:00:01.305542,0.0032288227264052906,300,COMPLETE
130,0.0,2026-03-31 16:53:14.708865,2026-03-31 16:53:16.075785,0 days 00:00:01.366920,0.005941070435809103,319,COMPLETE
131,0.0,2026-03-31 16:53:16.076235,2026-03-31 16:53:17.371057,0 days 00:00:01.294822,0.0017936045978064303,260,COMPLETE
132,0.5470933064933889,2026-03-31 16:53:17.371511,2026-03-31 16:53:18.939372,0 days 00:00:01.567861,0.0014162896233613457,310,COMPLETE
133,0.24658020905832678,2026-03-31 16:53:18.939793,2026-03-31 16:53:20.403715,0 days 00:00:01.463922,0.001388759179221648,308,COMPLETE
134,0.28939399834170226,2026-03-31 16:53:20.404162,2026-03-31 16:53:21.813962,0 days 00:00:01.409800,0.003631701100136127,283,COMPLETE
135,0.20658911251379652,2026-03-31 16:53:21.814407,2026-03-31 16:53:23.312178,0 days 00:00:01.497771,0.002064883232465971,290,COMPLETE
136,0.4028988621818724,2026-03-31 16:53:23.312596,2026-03-31 16:53:24.881620,0 days 00:00:01.569024,0.00234567870992117,313,COMPLETE
137,0.1176707989402493,2026-03-31 16:53:24.882042,2026-03-31 16:53:26.374894,0 days 00:00:01.492852,0.001589210971747711,312,COMPLETE
138,0.0,2026-03-31 16:53:26.375334,2026-03-31 16:53:27.713082,0 days 00:00:01.337748,0.00700822340156166,324,COMPLETE
139,0.3452548668119772,2026-03-31 16:53:27.713521,2026-03-31 16:53:29.120989,0 days 00:00:01.407468,0.0023571345215095845,299,COMPLETE
140,0.0,2026-03-31 16:53:29.121577,2026-03-31 16:53:30.517586,0 days 00:00:01.396009,0.0023726334587381216,316,COMPLETE
141,0.15308708361816137,2026-03-31 16:53:30.518022,2026-03-31 16:53:32.022056,0 days 00:00:01.504034,0.0020695644888414732,300,COMPLETE
142,0.0,2026-03-31 16:53:32.022506,2026-03-31 16:53:33.607594,0 days 00:00:01.585088,0.0014549024476131303,303,COMPLETE
143,0.14261245254130003,2026-03-31 16:53:33.608065,2026-03-31 16:53:35.080485,0 days 00:00:01.472420,0.0019066306208524383,335,COMPLETE
144,0.5008119090316139,2026-03-31 16:53:35.080881,2026-03-31 16:53:36.502094,0 days 00:00:01.421213,0.0016849403631705392,324,COMPLETE
145,0.0,2026-03-31 16:53:36.502517,2026-03-31 16:53:37.873955,0 days 00:00:01.371438,0.0022677064217851268,350,COMPLETE
146,0.0,2026-03-31 16:53:37.874425,2026-03-31 16:53:39.281684,0 days 00:00:01.407259,0.002561418155252332,321,COMPLETE
147,0.0,2026-03-31 16:53:39.282120,2026-03-31 16:53:40.608945,0 days 00:00:01.326825,0.0028539086264783783,278,COMPLETE
148,0.0,2026-03-31 16:53:40.609353,2026-03-31 16:53:41.958975,0 days 00:00:01.349622,0.001687066769382998,325,COMPLETE
149,0.15304520445069061,2026-03-31 16:53:41.959383,2026-03-31 16:53:43.519854,0 days 00:00:01.560471,0.0020937000017685727,341,COMPLETE
150,0.0,2026-03-31 16:53:43.520311,2026-03-31 16:53:45.214112,0 days 00:00:01.693801,0.0012197580645371335,294,COMPLETE
151,0.42884213515302805,2026-03-31 16:53:45.214557,2026-03-31 16:53:46.734341,0 days 00:00:01.519784,0.0013357740336858005,310,COMPLETE
152,0.2765574451145463,2026-03-31 16:53:46.734745,2026-03-31 16:53:48.148791,0 days 00:00:01.414046,0.0018271099507957504,312,COMPLETE
153,0.15082574266875098,2026-03-31 16:53:48.149280,2026-03-31 16:53:49.623479,0 days 00:00:01.474199,0.0015395396314692932,329,COMPLETE
154,0.10466948594346392,2026-03-31 16:53:49.623921,2026-03-31 16:53:51.125140,0 days 00:00:01.501219,0.001245725560677162,316,COMPLETE
155,0.18917795659947215,2026-03-31 16:53:51.125582,2026-03-31 16:53:52.550696,0 days 00:00:01.425114,0.0024661189191525143,294,COMPLETE
156,0.36311437706909044,2026-03-31 16:53:52.551097,2026-03-31 16:53:53.969522,0 days 00:00:01.418425,0.0017077218838925374,307,COMPLETE
157,0.0,2026-03-31 16:53:53.969930,2026-03-31 16:53:55.553888,0 days 00:00:01.583958,0.0014431871647943716,308,COMPLETE
158,0.2362705709761297,2026-03-31 16:53:55.554357,2026-03-31 16:53:56.848229,0 days 00:00:01.293872,0.0016399193598008613,194,COMPLETE
159,0.20628101445001118,2026-03-31 16:53:56.848675,2026-03-31 16:53:58.288847,0 days 00:00:01.440172,0.0011273220476251385,317,COMPLETE
160,0.0,2026-03-31 16:53:58.289272,2026-03-31 16:53:59.671889,0 days 00:00:01.382617,0.0051111263166127964,337,COMPLETE
161,0.14187430931672063,2026-03-31 16:53:59.672297,2026-03-31 16:54:01.246862,0 days 00:00:01.574565,0.001925841860905087,300,COMPLETE
162,0.0,2026-03-31 16:54:01.247309,2026-03-31 16:54:02.621949,0 days 00:00:01.374640,0.002243275655805802,307,COMPLETE
163,0.0,2026-03-31 16:54:02.622454,2026-03-31 16:54:04.225851,0 days 00:00:01.603397,0.0017274239478984048,290,COMPLETE
164,0.2936247642637469,2026-03-31 16:54:04.226254,2026-03-31 16:54:05.658690,0 days 00:00:01.432436,0.0013449064623603604,324,COMPLETE
165,0.0,2026-03-31 16:54:05.659108,2026-03-31 16:54:06.948330,0 days 00:00:01.289222,0.02910686467016649,199,COMPLETE
166,0.0,2026-03-31 16:54:06.948790,2026-03-31 16:54:08.663157,0 days 00:00:01.714367,0.0015085865260376656,284,COMPLETE
167,0.0,2026-03-31 16:54:08.663602,2026-03-31 16:54:10.056988,0 days 00:00:01.393386,0.002013953889737689,310,COMPLETE
168,0.0,2026-03-31 16:54:10.057430,2026-03-31 16:54:11.396902,0 days 00:00:01.339472,0.002937632295047399,300,COMPLETE
169,0.19629914358346195,2026-03-31 16:54:11.397374,2026-03-31 16:54:12.895092,0 days 00:00:01.497718,0.001812535192416453,277,COMPLETE
170,0.1046765342916428,2026-03-31 16:54:12.895537,2026-03-31 16:54:14.434262,0 days 00:00:01.538725,0.0022632336437635766,313,COMPLETE
