number,value,state,params_lambda,user_attrs_kappa,user_attrs_kappa_tstat,user_attrs_r2_stage1,user_attrs_r2_stage2,user_attrs_score_kappa,user_attrs_score_kappa_tstat,user_attrs_score_stage1_r2,user_attrs_score_stage2_r2
204,0.6269318905008938,COMPLETE,1.000403520004541e-06,0.06715128299479774,3.5691177798149765,0.9739137061307072,0.005955297331671883,0.9663516622119919,0.967479870623299,7.348779682181655e-93,0.5738960291682847
205,0.6277979645267134,COMPLETE,9.4665824825714e-07,0.0679424716851533,3.6240630721976688,0.9739137410868849,0.006128682830159771,0.9676145191738158,0.9675627011792961,7.348654963492848e-93,0.576014637753742
206,0.6292186062498712,COMPLETE,7.00801230245357e-07,0.06876825267460498,3.747585635201453,0.9739138752407253,0.0065388688746171875,0.9688836953970666,0.9669752453061515,7.348176341204048e-93,0.5810154842962669
207,0.6308703928634329,COMPLETE,4.1286981561160033e-07,0.06859409649587654,3.987024665841419,0.9739139790792547,0.007397366858787113,0.9686200970819518,0.9634343093094817,7.347805896571166e-93,0.5914271650622981
208,0.6307783608650468,COMPLETE,3.764400934094385e-07,0.06809753896713618,3.9994844917802705,0.9739139884461736,0.007451310040571979,0.9678566048048262,0.9631780902466616,7.347772480942968e-93,0.5920787484086992
209,0.6305403198986679,COMPLETE,3.337471633614979e-07,0.06729307543818636,4.006532356034288,0.9739139979852491,0.007490301560208468,0.9665814286386477,0.9630303226847866,7.3477384513172135e-93,0.5925495282712372
210,0.6304341900275654,COMPLETE,3.1936275007976e-07,0.06697148808163476,4.008075067580021,0.9739140009592367,0.007501187370026585,0.9660581218423829,0.9629977060705129,7.347727841968731e-93,0.592680932197366
211,0.6306939566899767,COMPLETE,2.931746497025847e-07,0.0669978530724022,4.051543876130639,0.9739140060950022,0.0076632224819102035,0.9661013204701066,0.9620392054741171,7.347709520769426e-93,0.5946353008156835
212,0.6305964493909971,COMPLETE,2.833086314330726e-07,0.06672775949931567,4.051575949711606,0.9739140079199562,0.007667850183973202,0.9656562534672457,0.9620384704747883,7.3477030104860885e-93,0.5946910736219546
213,0.6306728792219322,COMPLETE,2.8701041026220946e-07,0.06688012686522823,4.055373835973282,0.9739140072469998,0.007679573205642165,0.9659080166077664,0.9619511523971116,7.347705411168512e-93,0.5948323478828507
214,0.6306809985111337,COMPLETE,2.619451817086764e-07,0.06649441162471027,4.082623069779773,0.9739140116305699,0.0077888598660798,0.9652672037710195,0.9613081861872207,7.347689773377211e-93,0.5961486040862946
215,0.6306436763034559,COMPLETE,2.7098919073452965e-07,0.06659889167561736,4.068640822670061,0.9739140100731136,0.007734252492099025,0.9654419208647452,0.9616417036017746,7.3476953293871515e-93,0.5954910807473036
216,0.6304863187747686,COMPLETE,3.3582950789928146e-07,0.06724181775581548,4.000529464343262,0.9739139975484723,0.007468839738836719,0.9664985438764175,0.9631563099561421,7.347740009467946e-93,0.5922904212665144
217,0.6308344037640238,COMPLETE,4.0702928718533104e-07,0.06848709287080884,3.986954034600523,0.9739139806679863,0.0073988267003940456,0.9684570688722038,0.9634357433546548,7.347800228905384e-93,0.5914448028292365
218,0.6310738041131458,COMPLETE,5.20151249365485e-07,0.06986783489965483,3.9537620111684846,0.9739139469206642,0.007255309671416299,0.9704991584374576,0.964086343597603,7.347920620561367e-93,0.5897097144175228
219,0.6301072038012171,COMPLETE,6.333048152669657e-07,0.06944139350794719,3.8322009183910093,0.9739139047822064,0.006825430619812889,0.9698825333996837,0.9660469218927927,7.348070949880568e-93,0.5844993599123919
220,0.6291616270036277,COMPLETE,7.139470585772494e-07,0.06876697995070119,3.740866313795621,0.9739138691415775,0.006515650807619844,0.9688817768307055,0.9670318796759695,7.348198100532902e-93,0.5807328515078358
221,0.6289573306412896,COMPLETE,7.842635033968221e-07,0.06884781014382269,3.7140662089571745,0.9739138346361199,0.006422210522483152,0.9690033972242518,0.9672310533328781,7.348321203466679e-93,0.5795948720080284
222,0.628835995651392,COMPLETE,8.661258927626854e-07,0.0689240561779601,3.6975174191671885,0.9739137897640293,0.006364713920157694,0.9691176983001617,0.9673320666321101,7.348481293857146e-93,0.5788942176732965
223,0.6279353423634951,COMPLETE,9.399314292468955e-07,0.06807700401023575,3.633041794911482,0.973913745289775,0.006157144119047997,0.9678246471280225,0.9675545788975093,7.348639968318967e-93,0.5763621434284486
224,0.6270181768631395,COMPLETE,9.941779836527283e-07,0.06722433922665179,3.5745173777227413,0.9739137102185477,0.0059723041017962775,0.9664702353775931,0.9674985147362742,7.3487650972366936e-93,0.5741039573386906
225,0.6261360194892129,COMPLETE,1.0478970381195816e-06,0.06648632745496452,3.5216199603814964,0.9739136746457722,0.005806893547934955,0.9652536495549424,0.9672099148316751,7.348892017775423e-93,0.5720805135702339
226,0.6288967392940616,COMPLETE,8.593160195322849e-07,0.06897884786911351,3.7022526554957733,0.9739137936191563,0.006380158415608128,0.9691995848989914,0.9673049164452021,7.348467539763996e-93,0.5790824558320534
227,0.6289999896122357,COMPLETE,8.00605727581437e-07,0.06895402051874967,3.7148787790527593,0.9739138261006843,0.006423599779767475,0.9691625063151356,0.9672256545744266,7.348351655116545e-93,0.5796117975593805
228,0.6291745127912766,COMPLETE,7.088843300711617e-07,0.06875750921353764,3.7427677077662236,0.9739138715381664,0.006522352224587524,0.9688674965811438,0.9670161214942105,7.34818955045095e-93,0.580814433089752
229,0.6310738904198363,COMPLETE,5.199633304280869e-07,0.06986643303597002,3.953845099373585,0.9739139469873617,0.007255633864209465,0.9704971515654253,0.9640847737446567,7.34792038262024e-93,0.5897136363692634
230,0.630828377983818,COMPLETE,4.052176097101034e-07,0.0684608373758327,3.98740840227312,0.9739139811612263,0.007400916868734564,0.9684169415908338,0.9634265145675691,7.347798469314213e-93,0.5914700557768692
231,0.6306282613419643,COMPLETE,3.40417114981519e-07,0.06748860962771976,4.009713370973655,0.9739139965622563,0.007498979873160061,0.9668957971268032,0.9629629619341867,7.347743527681072e-93,0.5926542863068671
232,0.6307133359765407,COMPLETE,2.7814569402075065e-07,0.06680901774497483,4.067353796323684,0.9739140088331611,0.007725908278039206,0.9657907422934079,0.9616720231885474,7.347699752749521e-93,0.5953905784242076
233,0.6304705872965721,COMPLETE,2.5765964895576105e-07,0.0661172736791021,4.069675129126652,0.9739140123309863,0.007746255329983631,0.9646294226700814,0.9616172910056281,7.347687274739495e-93,0.595635635510579
234,0.6298465155388312,COMPLETE,2.382318100151663e-07,0.06491829243937249,4.0413864466022495,0.9739140154158067,0.0076594718025789765,0.9625260325478704,0.9622699335613135,7.347676270084778e-93,0.5945900960461407
235,0.6291860762440382,COMPLETE,2.1389806576403872e-07,0.06362727662524877,4.019991638039201,0.9739140189489369,0.007600148974785781,0.9601269106849837,0.9627424948129388,7.347663666169439e-93,0.5938748994782304
236,0.6306876632660529,COMPLETE,2.6250701846187946e-07,0.06651337308661717,4.082563237904746,0.9739140115347705,0.007788315275984892,0.9652989752594118,0.9613096293872255,7.347690115127846e-93,0.5961420484175742
237,0.6304624385255612,COMPLETE,2.5199471101485517e-07,0.06599125170013816,4.076959604195182,0.9739140132820652,0.0077758319987701885,0.9644138017724011,0.961444184560934,7.3476838819001145e-93,0.5959917677689097
238,0.6307004097339113,COMPLETE,2.680666749741516e-07,0.06663890151979339,4.076372543609368,0.9739140105651857,0.007762796912102354,0.9655086028126512,0.9614582112128749,7.347693573987548e-93,0.5958348249101187
239,0.6308818179775955,COMPLETE,4.143464882562894e-07,0.0686245381036819,3.9872443366927675,0.9739139786941086,0.007397692206551287,0.9686663280424208,0.9634298479423599,7.347807270547808e-93,0.5914310959256013
240,0.6311045642025728,COMPLETE,4.971926281360369e-07,0.06971977234968539,3.966090772038169,0.9739139542763118,0.0073025954080900846,0.9702864630034238,0.9638501566371367,7.347894379538594e-93,0.5902816371697309
241,0.6308847648211446,COMPLETE,5.684051302393788e-07,0.06999167126183427,3.9184554227965864,0.9739139300159458,0.007125392033095701,0.9706759180365421,0.9647260304325791,7.347980927924236e-93,0.5881371108154574
242,0.6295833134754213,COMPLETE,6.70006848678302e-07,0.06901626804716783,3.7821174899499637,0.9739138891554681,0.006655499166546286,0.9692553887829215,0.9666434517542953,7.3481266991868685e-93,0.5824344133644683
243,0.6291884636857747,COMPLETE,7.262902713247582e-07,0.06885756667192297,3.740460045628041,0.9739138633317715,0.006513000779768352,0.9690180461352728,0.9670352191765109,7.348218827665378e-93,0.5807005894313155
244,0.6290368023838602,COMPLETE,8.154338526211287e-07,0.0690365411675296,3.715939052027513,0.9739138180458687,0.006426167482928236,0.9692855807400947,0.9672185489762846,7.348380392186525e-93,0.5796430798190617
245,0.6273944143788314,COMPLETE,9.68573257250032e-07,0.06755851620517225,3.598223195575345,0.9739137271770678,0.006047038554085282,0.9670074943146444,0.967552799024444,7.348704591496149e-93,0.5750173641762372
246,0.629022549528771,COMPLETE,8.089829285825804e-07,0.06900383143095658,3.715554793594765,0.9739138215267762,0.006425275491177551,0.9692368532022027,0.9672211321332186,7.3483679733804455e-93,0.5796322127796627
247,0.6284530465528493,COMPLETE,9.077948566401017e-07,0.0685833239417819,3.6684228404969406,0.9739137651168874,0.006270161791286366,0.9686037212496005,0.9674671507335907,7.348569229073942e-93,0.5777413142282058
248,0.6276274565602054,COMPLETE,9.548203900497155e-07,0.0677768984785756,3.6130943901887402,0.97391373581772,0.006094004957105992,0.9673540868940729,0.967564611891367,7.348673762991457e-93,0.5755911274553819
249,0.6224559159529724,COMPLETE,1.180639457315475e-06,0.06368401629397186,3.3424647978826227,0.9739135755835345,0.005265184854917115,0.9602353779003467,0.9641509695072908,7.3492454746627216e-93,0.5654373164042521
250,0.6298088410153116,COMPLETE,6.556900910168162e-07,0.0692041730696166,3.8029794297957014,0.9739138952760914,0.00672589246975952,0.969534130483181,0.9664110707423622,7.348104863453773e-93,0.5832901628357033
251,0.6309752246476334,COMPLETE,5.578159350231415e-07,0.07003060572735577,3.930443532117734,0.9739139338295087,0.007168127385989154,0.9707312791750805,0.9645150130771205,7.3479673230450785e-93,0.5886546063383327
252,0.631100231960575,COMPLETE,4.6786262606888824e-07,0.06944588614032933,3.979416540359774,0.973913963449439,0.007355750133555272,0.9698890942876776,0.9635875794951513,7.347861654849357e-93,0.590924254059471
253,0.630822684260169,COMPLETE,4.039838566620907e-07,0.06844081712434115,3.987571174596427,0.9739139814762988,0.00740184093538232,0.9683863106918309,0.9634232063587695,7.347797345320815e-93,0.5914812199900754
254,0.6307775871432632,COMPLETE,3.778850462246901e-07,0.06811291403674585,3.998476627432057,0.9739139880720998,0.007447338079566546,0.9678805122774183,0.9631990544637369,7.3477738154140645e-93,0.5920307818318972
255,0.6306916808596505,COMPLETE,3.4792436100653957e-07,0.06766156235704868,4.010202426838151,0.973913994971804,0.0074980180014627695,0.9671714786012046,0.962952569103868,7.3477492014416316e-93,0.5926426757335296
256,0.630719117507644,COMPLETE,2.955054118082509e-07,0.0670633269973208,4.051845947418962,0.9739140056556614,0.007663265501405059,0.9662083691402423,0.9620322815948562,7.347711088060558e-93,0.5946358192954776
257,0.6298073168039509,COMPLETE,2.348899369644173e-07,0.06480122170178143,4.04278670269085,0.9739140159110263,0.007666647040760144,0.9623143248331189,0.9622383687403551,7.3476745034611705e-93,0.5946765736423294
258,0.6288957695379661,COMPLETE,2.0786555207048953e-07,0.06316223745990879,4.005213881733828,0.9739140197844752,0.0075523041908545085,0.9592271650017683,0.9630581211973713,7.347660685513956e-93,0.5932977919527247
259,0.626996017787974,COMPLETE,1.7738682295947984e-07,0.06049276496927183,3.906290919364877,0.9739140235407685,0.007227700832689199,0.9536748709126848,0.964933528054226,7.347647285526459e-93,0.5893756721849851
260,0.6270387821160354,COMPLETE,1.60090111000219e-07,0.06016338622735756,3.9373306078412798,0.973914025427044,0.007347324288702772,0.9529418275074375,0.9643908909419445,7.347640556543497e-93,0.5908224100147595
261,0.6269932383277274,COMPLETE,1.589110093475035e-07,0.06009342651475379,3.935895807513861,0.973914025555257,0.007343097266641729,0.9527847161215385,0.96441692255699,7.347640099164824e-93,0.5907713146323809
262,0.6267920093120627,COMPLETE,1.4779033706882408e-07,0.05958162246130763,3.9456131462318265,0.973914026684686,0.007387595454329543,0.9516200843811365,0.9642388517093465,7.347636070112422e-93,0.5913091011577675
263,0.5427611817391156,COMPLETE,2.5265857727679185e-06,0.044656736343430405,2.2705541881637616,0.9739118924423644,0.002535644596541653,0.9031597572372093,0.7362317996275636,7.355253563131977e-93,0.5316531700916894
264,0.5448845663828039,COMPLETE,2.5091800772280425e-06,0.04491582724936549,2.2837534885427835,0.9739119214919099,0.0025637498912776113,0.9042868879141286,0.7432483149296896,7.355149827232169e-93,0.5320030626873978
265,0.5993362672293367,COMPLETE,1.8208948938362121e-06,0.05433174998280217,2.778299041582006,0.973912928929822,0.003715801827953946,0.9379983678422055,0.9130323247870022,7.351553170280209e-93,0.5463143762881391
266,0.5205224704806609,COMPLETE,2.787551986458144e-06,0.04208554709377839,2.1437863500730554,0.9739114257684653,0.0022731969840411592,0.8913182204352132,0.6623872497566571,7.356920255281165e-93,0.5283844117307732
267,0.630721444560145,COMPLETE,5.865562621479648e-07,0.06991894363539325,3.8974114166737124,0.9739139234007816,0.007050753632006024,0.9705722340766204,0.9650807196351399,7.348004527571087e-93,0.58723282452882
268,0.6304228317945915,COMPLETE,6.070247030776303e-07,0.06967421590132185,3.8654535319954157,0.9739139154830937,0.00694006308733397,0.9702207215233571,0.9655799421453457,7.348032774080237e-93,0.5858906635096629
269,0.630750993951862,COMPLETE,5.826885214353618e-07,0.06992755225389656,3.901382670721649,0.9739139248164309,0.007064887658795871,0.970584525456994,0.9650153387435744,7.3479994772256004e-93,0.5874041116068793
270,0.6308014444161034,COMPLETE,5.772834024766348e-07,0.06995150514105909,3.907785022700562,0.973913926886583,0.00708754721093241,0.9706186991840628,0.9649084050484656,7.347992091939943e-93,0.5876786734318853
271,0.630192370792231,COMPLETE,6.248633669865382e-07,0.06949776915634118,3.841290256307791,0.9739139082787197,0.006856780312482824,0.9699647622089965,0.965924732444498,7.3480584759220415e-93,0.5848799885154298
272,0.6305171096121938,COMPLETE,6.013839243794848e-07,0.06975748326788388,3.875103974387015,0.9739139177416736,0.006973263603814672,0.9703407763256251,0.9654342960201798,7.348024716540467e-93,0.5862933661029704
273,0.6308787576516188,COMPLETE,5.692116199447618e-07,0.0699899985220219,3.9176241094652045,0.9739139297191106,0.0071224162687523185,0.9706735372844524,0.9647404242241996,7.347981986884893e-93,0.5881010690978232
274,0.6310240312974023,COMPLETE,5.477987771780906e-07,0.07002119026840324,3.9384533737944394,0.973913937420703,0.007197301103198939,0.9707179005799746,0.9643704572839097,7.347954511488807e-93,0.5890077673257249
275,0.6310379359428008,COMPLETE,5.433885325412338e-07,0.07000647200468724,3.941331632080659,0.9739139389091227,0.007207974198731426,0.9706969752515497,0.9643178214561411,7.347949201570025e-93,0.5891369470635123
276,0.6310941175351358,COMPLETE,5.092629152061796e-07,0.06980691846894804,3.960032044684868,0.973913950534623,0.0072791089836677925,0.9704118298370376,0.963967041893211,7.347907727874248e-93,0.5899975984102946
277,0.6311000079424252,COMPLETE,4.684506125827539e-07,0.06945117318990275,3.979104665600062,0.9739139632779584,0.007354521807536707,0.9698968135417609,0.9635938105845316,7.347862266597088e-93,0.5909094076434077
278,0.6310729483266676,COMPLETE,4.4927518271505606e-07,0.06922771831940287,3.986368694687545,0.973913968967868,0.007384797175804425,0.9695688848947449,0.9634476196559878,7.347841968190468e-93,0.5912752887559376
279,0.6310294473617832,COMPLETE,4.3425071394907824e-07,0.06902006897528276,3.9902385502778523,0.9739139732502133,0.0074023939263486715,0.969261051542979,0.9633688369378146,7.347826691220612e-93,0.5914879009663391
280,0.6307703711553447,COMPLETE,3.700760135973773e-07,0.06801470426876999,4.002901829768031,0.9739139899578625,0.00746526708375761,0.967727504636427,0.9631066961095922,7.347767088144839e-93,0.5922472838753596
281,0.630428446009951,COMPLETE,3.1710325257124213e-07,0.06693427432155619,4.009377896671803,0.9739140013982531,0.007506631285041476,0.9659970572676181,0.962970085390072,7.347726275830971e-93,0.592746641382114
282,0.6303507596949064,COMPLETE,3.0318295051431e-07,0.06665358303955615,4.013552767301331,0.9739140041935668,0.007526703516128053,0.9655330404689665,0.9628811096149233,7.347716303896621e-93,0.5929888886957356
283,0.6300674589247788,COMPLETE,2.405507244371541e-07,0.06524341464011064,4.057592115288732,0.9739140150508587,0.007715229804833523,0.9631079965299185,0.9618998898433431,7.347677571983338e-93,0.5952619493258535
284,0.6300481590125204,COMPLETE,2.415016897377908e-07,0.06524168932336623,4.054246188655954,0.9739140148994658,0.007702663829013412,0.9631049312974199,0.9619771374698787,7.347678112055755e-93,0.5951105672827831
285,0.6289092998618958,COMPLETE,2.0684511977598346e-07,0.06315501624916152,4.007986519808117,0.9739140199147335,0.007562813417338665,0.959213041434125,0.962999580814695,7.3476602208376115e-93,0.5934245771987634
286,0.6107386738193342,COMPLETE,1.5702775702735126e-06,0.05789273514106966,2.9844576282897366,0.9739132166061977,0.00425341071782015,0.9475806749826433,0.9424058762679818,7.350526458124844e-93,0.5529681440267118
287,0.6123112583735366,COMPLETE,1.5329747277102768e-06,0.05849066030914939,3.0209469723408495,0.9739132561816778,0.004352148693397173,0.9490459521681804,0.9460108852072829,7.350385225094236e-93,0.5541881961186833
288,0.6090622007115017,COMPLETE,1.6039770769321543e-06,0.05728513788388665,2.9483455105239473,0.9739131811370021,0.004156812145498789,0.9460509781168134,0.9384239150936795,7.350653039356404e-93,0.5517739096355141
289,0.6115816094733216,COMPLETE,1.5519899136054935e-06,0.05821032483581136,3.00366706683988,0.9739132359191581,0.0043052370334806245,0.9483638506730615,0.9443539727738002,7.350457535617393e-93,0.5536086144464248
290,0.6108859242909414,COMPLETE,1.5669945219168673e-06,0.05794767182438466,2.9877587415772893,0.9739132200565902,0.004262294332184502,0.9477169468417046,0.9427488099050348,7.3505141446001135e-93,0.5530779404170258
291,0.6125773063147792,COMPLETE,1.5256205063666576e-06,0.05859433035136281,3.0274040011614476,0.9739132638228465,0.004369751084851714,0.949296031925183,0.9466075620544777,7.3503579563647344e-93,0.5544056312794564
292,0.6207704249831986,COMPLETE,1.230268328317738e-06,0.06256421843161024,3.2760282309466886,0.9739135361294635,0.0050708978317558495,0.9580415345577845,0.9619913390316771,7.349386252635294e-93,0.5630488263433326
293,0.6192328555858455,COMPLETE,1.2778456724241235e-06,0.061641483023715804,3.22115716408487,0.9739134952899902,0.00491276298162302,0.9561472354691603,0.9596815757046046,7.349531976762327e-93,0.5611026111696172
294,0.6278751441910089,COMPLETE,9.428327661167503e-07,0.06801766057386668,3.6291008262477904,0.9739137434326788,0.006144649211402009,0.9677321207327497,0.9675588632202942,7.348646594108497e-93,0.5762095928109914
295,0.6301679375669988,COMPLETE,6.271598649681823e-07,0.06948090687475109,3.8387011050508244,0.9739139073616954,0.006847852102938035,0.9699401899285057,0.9659599623341464,7.348061747442878e-93,0.5847715980053432
296,0.26936388161640334,COMPLETE,1.1036552340421914e-05,0.005420639420900372,0.27763150218660787,0.9738735429111677,4.120789970518679e-05,0.567346234789983,0.009594193111541364,7.493480460973166e-93,0.5005150985640889
297,0.6310889029318494,COMPLETE,5.043738199168012e-07,0.06975938957951522,3.9615765886141956,0.9739139520545469,0.0072854837061631095,0.9703435193425901,0.9639373937804578,7.347902305599341e-93,0.5900746986043496
298,0.6310962447086098,COMPLETE,4.564034280351397e-07,0.06933106062126111,3.984760709619868,0.9739139669343081,0.007377228992130114,0.969720971598816,0.9634801713388566,7.3478492227853445e-93,0.5911838358967666
299,0.6310717867331446,COMPLETE,4.4890403414330964e-07,0.06922243042055386,3.986456589188619,0.9739139690728675,0.007385205836122677,0.9695610829369053,0.9634458372260666,7.3478415936115465e-93,0.5912802267696066
