number,value,state,params_lambda,user_attrs_kappa,user_attrs_kappa_tstat,user_attrs_r2_stage1,user_attrs_r2_stage2,user_attrs_score_kappa,user_attrs_score_kappa_tstat,user_attrs_score_stage1_r2,user_attrs_score_stage2_r2
101,0.62897854376155,COMPLETE,8.469118009663334e-07,0.06904618716828448,3.708939636691031,0.9739138005454173,0.006402118368512788,0.9692999360661876,0.9672641739161811,7.3484428287259084e-93,0.5793500650638312
102,0.6290224668837288,COMPLETE,8.097871047495703e-07,0.06900568324567212,3.7154750979267215,0.9739138210604379,0.006424977875965632,0.9692396138394503,0.9672216667470396,7.348369637130749e-93,0.5796285869484252
103,0.48126025968863406,COMPLETE,3.3487890069988117e-06,0.0379862367144144,1.9490514297239667,0.9739102714679867,0.0018958643002349174,0.8698136191977499,0.5315468454657958,7.36104437486009e-93,0.5236805740909908
104,0.5226004016359964,COMPLETE,2.752818831084545e-06,0.04232038434468606,2.1548830791475373,0.9739114908536546,0.0022956145688592944,0.892450439915444,0.6692874470672929,7.356687785617719e-93,0.5286637195612484
105,0.5105242183794845,COMPLETE,2.9520220424634604e-06,0.04096238447300734,2.0920211380287466,0.9739111088550529,0.002170049173703892,0.8857574387434625,0.6292404008098861,7.358052303468024e-93,0.5270990339645896
106,0.6307013962457626,COMPLETE,5.884137553864178e-07,0.06990671685201703,3.895024797478848,0.973913922685729,0.0070423651255243636,0.970554768122302,0.965119660736718,7.348007078531594e-93,0.5871311561240306
107,0.6310179078754854,COMPLETE,5.500525044094477e-07,0.07002993903076508,3.9370787813343417,0.9739139365911791,0.007192184325461537,0.9707303320489483,0.9643954664054368,7.347957470806897e-93,0.5889458330475567
108,0.631111111001753,COMPLETE,4.925269275901735e-07,0.06968825690586325,3.9687437702359856,0.9739139557385162,0.00731279452869138,0.9702409987958857,0.963798481250832,7.3478891631851746e-93,0.5904049639602943
109,0.6311053095942545,COMPLETE,4.619282624114305e-07,0.06939705585489277,3.9827937114763805,0.9739139653008059,0.007368941583979605,0.9698177098615162,0.9635198437238723,7.347855050205545e-93,0.5910836847916294
110,0.6310545350330863,COMPLETE,4.414234261063141e-07,0.06912397349887424,3.9888353608700844,0.9739139712349312,0.007395549149565195,0.9694154616656772,0.9633974752472285,7.3478338805957515e-93,0.5914052032194398
111,0.6310526842850749,COMPLETE,4.405618393270787e-07,0.06911309957492814,3.9891087668349994,0.9739139714863522,0.007396732285517071,0.9693993374346958,0.9633919016138549,7.347832983669177e-93,0.591419498091749
112,0.6308397141092028,COMPLETE,4.0794149061568516e-07,0.06850345104142715,3.9869307729642047,0.9739139804281931,0.007398478515508344,0.968482044750225,0.9634362155963716,7.34780108434728e-93,0.5914405960902146
113,0.6310959211863336,COMPLETE,4.778647124505001e-07,0.06953267801940549,3.9742255528793007,0.973913960266868,0.0073353245949620005,0.9700155707268525,0.9636907589756898,7.347873008501476e-93,0.5906773550427922
114,0.6310410269459135,COMPLETE,5.376434680518856e-07,0.0699649276676577,3.943829485184461,0.9739139409250522,0.007217681579389179,0.9706378323477458,0.9642718476480516,7.3479420097726865e-93,0.5892544277878567
115,0.6310607154927957,COMPLETE,4.431567236654879e-07,0.06914946553450417,3.9885000302079447,0.9739139707130753,0.007393903925951295,0.969453229889879,0.9634043070216348,7.347835742280872e-93,0.5913853250596692
116,0.6311042682182391,COMPLETE,4.6411933555683816e-07,0.06941648715226051,3.9816076782052305,0.9739139646263348,0.00736427197744749,0.9698461358696686,0.9635436864849259,7.3478574563409265e-93,0.5910272505183618
117,0.6308732488404916,COMPLETE,4.133139697150297e-07,0.06860253484227555,3.9870336621076015,0.9739139789721756,0.0073972662839469905,0.9686329188099319,0.9634341266409117,7.347806278567001e-93,0.5914259499111227
118,0.6309119768845775,COMPLETE,4.1828576909255325e-07,0.06870393097561621,3.987893990791282,0.973913977664799,0.0073988161325811985,0.9687865902621984,0.963416642126059,7.3478109425256185e-93,0.5914446751500526
119,0.6308716929457665,COMPLETE,4.13111019791515e-07,0.06859835841228885,3.9870053349065206,0.9739139790175471,0.00739722875181914,0.9686265735262525,0.9634347018113689,7.347806116707928e-93,0.5914254964454447
120,0.6307899413314519,COMPLETE,3.857218954059806e-07,0.06821590553261546,3.994690284746877,0.9739139861720432,0.007431716254807319,0.9680402162224411,0.9632774380528935,7.347780593681679e-93,0.5918421110504736
121,0.6307610024464174,COMPLETE,3.657752573544641e-07,0.06795404981839165,4.004829450544654,0.9739139909952881,0.007473371854062383,0.9676326552658558,0.9630662130771299,7.347763387235713e-93,0.5923451414426837
122,0.6304986432360212,COMPLETE,3.2975829910298034e-07,0.06718910981964435,4.005752552347417,0.9739139988306418,0.007489072665701535,0.9664131070897651,0.9630467725491929,7.3477354354775374e-93,0.592534693305127
123,0.6304148636985965,COMPLETE,3.012333918619005e-07,0.06671388130222923,4.020710990575904,0.9739140045519686,0.007552430617829953,0.9656332330273362,0.9627269045020729,7.347715025343295e-93,0.5932993172649769
124,0.6037108330391581,COMPLETE,1.7139593741966548e-06,0.055569377513882176,2.847612582626204,0.9739130565628485,0.003892646183753512,0.9415011721445584,0.924837107426095,7.351097632495279e-93,0.5485050525859785
125,0.6026786387251746,COMPLETE,1.735747220061199e-06,0.05526849228115231,2.8303139619912363,0.9739130306801335,0.003848115618426795,0.9406670591381656,0.9220938961286723,7.351190008774815e-93,0.5479535996338604
126,0.6095404620407203,COMPLETE,1.5945032674688624e-06,0.05745479603907752,2.958388889973996,0.9739131910370501,0.004183576034254677,0.9464822985949914,0.9395747013815796,7.350617708190589e-93,0.5521048481863106
127,0.6054433369082235,COMPLETE,1.6776871517718786e-06,0.056095188070915444,2.878053693425324,0.9739130988639605,0.003971610920872393,0.9429324720869628,0.9293582414072628,7.350946660898583e-93,0.5494826341386682
128,0.6018630573626989,COMPLETE,1.7532836760116527e-06,0.0550350157764251,2.8170786564205037,0.9739130100202794,0.003814223061141986,0.940012151681813,0.9199062722370224,7.351263745318845e-93,0.54753380553196
129,0.602839262659769,COMPLETE,1.7321227861620785e-06,0.055314850667601514,2.832965423515575,0.9739130350808738,0.0038549264952795204,0.9407962960455922,0.9225228034740807,7.351174302302831e-93,0.5480379511194027
130,0.6159805469205126,COMPLETE,1.40946304809856e-06,0.060003450466209404,3.118419109747225,0.9739133771997203,0.004621574225582514,0.9525819202407998,0.9538262867617027,7.349953364758924e-93,0.5575139806795482
131,0.6250570890039691,COMPLETE,1.093054229476535e-06,0.06561975756814092,3.4628728986449424,0.9739136424441582,0.005626166469959171,0.9637707928391822,0.9665906155295573,7.349006912191012e-93,0.5698669476471367
132,0.6289757499221003,COMPLETE,7.676669499601371e-07,0.06880095699174586,3.717954297022769,0.9739138431510158,0.006436191022396454,0.9689329562353093,0.9672048532429511,7.348290825221087e-93,0.5797651902101406
133,0.6310785312602509,COMPLETE,5.17994586188358e-07,0.06985688141308398,3.9550554017442603,0.9739139476140588,0.007260192045368652,0.9704834741835101,0.9640618726858218,7.347918146895764e-93,0.5897687781716717
134,0.6305204513646359,COMPLETE,3.3192180981333636e-07,0.06724482524459119,4.006077071241364,0.9739139983700263,0.007489384941081867,0.9665034125251537,0.9630399298869986,7.347737078669102e-93,0.5925384630463912
135,0.6306702793137127,COMPLETE,2.64573230834176e-07,0.06653237625630166,4.078019995218467,0.9739140111825112,0.007770827334127706,0.9653307885212938,0.9614188149657164,7.3476913717641e-93,0.5959315137678406
136,0.6307052407619209,COMPLETE,2.765846692864901e-07,0.06677327565448576,4.068249035960614,0.9739140090753577,0.007729876425852877,0.9657316490003953,0.9616509400609159,7.347698888745945e-93,0.5954383739863726
137,0.6304386778791435,COMPLETE,2.567372599294053e-07,0.06605800605128842,4.067927082584051,0.9739140124843654,0.007740640127162579,0.964528174247694,0.9616585257275478,7.3476867275812996e-93,0.5955680115413321
138,0.6290870090278363,COMPLETE,2.123434414061396e-07,0.06346752132602022,4.014915073225357,0.9739140191580636,0.007583667422391693,0.959819986841667,0.9628519223808659,7.347662920141407e-93,0.5936761268888123
139,0.6297926305229054,COMPLETE,2.339400270653654e-07,0.06476540490487749,4.042748532400343,0.9739140160510327,0.0076670945129813095,0.9622493253956232,0.9622392302116267,7.347674004009214e-93,0.5946819664843711
140,0.629433191954341,COMPLETE,2.1948763639000482e-07,0.06404400200461739,4.031975189106062,0.9739140181601684,0.007638368372339555,0.9609169869755219,0.9624800621175998,7.347666479981315e-93,0.5943357187242423
141,0.6299078640574046,COMPLETE,2.3949408656642537e-07,0.06501885828036495,4.045091489298995,0.9739140152100165,0.007671763208112803,0.9627069801648043,0.9621862448017969,7.347677004211071e-93,0.5947382312630172
142,0.6308227175615657,COMPLETE,4.0395037740181115e-07,0.06844050650683471,3.9875929019076986,0.9739139814847175,0.00740192787353644,0.9683858352220556,0.9634227646860833,7.347797315287554e-93,0.5914822703381238
143,0.6310878798431931,COMPLETE,5.031562104555447e-07,0.06974774770849307,3.9619953028267094,0.9739139524263222,0.007287196764799608,0.9703267638648061,0.9639293387714103,7.347900979304799e-93,0.590095416736556
144,0.6308943082832819,COMPLETE,5.671102952176268e-07,0.0699941188481312,3.9197899035012775,0.9739139305104668,0.0071301695122317765,0.9706794012627686,0.9647028593929754,7.347979163720326e-93,0.5881949724773835
145,0.6302577582308082,COMPLETE,6.199512121721444e-07,0.06954954132067159,3.8479804366684744,0.973913910240113,0.006879749124233281,0.9700400847726328,0.9658321507664723,7.348051478577825e-93,0.5851587973841277
146,0.630176858097405,COMPLETE,6.263045165575748e-07,0.06948684936440802,3.8396547067628437,0.9739139076887867,0.0068511432804944095,0.9699488517451483,0.9659470260340839,7.348060580531353e-93,0.5848115546103874
147,0.629931794575964,COMPLETE,6.476908201180775e-07,0.06930836068632275,3.8145824928903784,0.9739138987121467,0.006765197605018258,0.9696876278142486,0.9662717852738629,7.3480926051245895e-93,0.5837677652157447
148,0.6292625167386143,COMPLETE,6.929204769729016e-07,0.06877639717323979,3.7525204450991487,0.9739138788142926,0.006555846385491115,0.9688959701030487,0.9669319794942199,7.348163592169583e-93,0.5812221173571883
149,0.6292232133028924,COMPLETE,7.000997962232242e-07,0.06876988792767708,3.7480712488296484,0.973913875543364,0.006540525034779421,0.9688861602896058,0.9669710502699987,7.34817526151168e-93,0.581035642651965
150,0.6291539184348384,COMPLETE,7.381061897316397e-07,0.06887400132345675,3.735751462876667,0.9739138576219756,0.0064965052659397005,0.9690427067444142,0.967073213420801,7.348239198057583e-93,0.5804997535741382
151,0.6291200727985439,COMPLETE,7.435895594903787e-07,0.06885943707252895,3.7323596532887735,0.9739138550366194,0.006485000823018616,0.9690208536772451,0.9670997684015974,7.348248421649058e-93,0.580359669115333
152,0.6289532336234199,COMPLETE,7.821315043237002e-07,0.06883495555001383,3.71408908604842,0.9739138356765843,0.0064224628447779875,0.9689840864948002,0.9672309018926751,7.3483174914377975e-93,0.5795979461062044
153,0.6290122254924704,COMPLETE,8.033042154931441e-07,0.06897612966836625,3.715433088323592,0.9739138246408201,0.006425210917593072,0.9691955274878667,0.9672219483983713,7.348356863448564e-93,0.5796314260836435
154,0.6291680896915384,COMPLETE,7.344621546156778e-07,0.06887344213193664,3.7374375618901707,0.9739138593090512,0.006502334796033127,0.9690418679757923,0.9670597585850405,7.348233179204448e-93,0.5805707322053208
155,0.6298502605615293,COMPLETE,6.532153770609236e-07,0.06924045465467653,3.806813536114185,0.9739138963210164,0.006738843065190903,0.9695876685955432,0.9663658289422331,7.348101135619934e-93,0.5834475447083408
156,0.6310440324487397,COMPLETE,5.313484093582738e-07,0.06991833737160745,3.946573043264622,0.9739139431250633,0.007228366278066889,0.9705713682658532,0.9642210370800882,7.347934161275415e-93,0.5893837244490178
157,0.626297733958735,COMPLETE,1.1020372126323654e-07,0.05823408948848147,3.982900151973919,0.9739140298458008,0.0075484447228445495,0.9484220072653126,0.9635177010725127,7.34762479336712e-93,0.5932512274971146
158,0.6258177487134902,COMPLETE,1.046802705402806e-07,0.057639597642322224,3.9610352054592366,0.9739140302421382,0.0074758268787080695,0.9469484152269879,0.9639477974887418,7.3476233795013485e-93,0.5923747821382307
159,0.6266333978056735,COMPLETE,1.3797829781992036e-07,0.059207314854881586,3.951821512997019,0.9739140275799778,0.007416602207164447,0.9507511220678074,0.9641229220327023,7.347632876307586e-93,0.5916595471221845
160,0.6260148945049175,COMPLETE,1.073163502200152e-07,0.05788470264197417,3.9696638587241373,0.9739140300562739,0.007504288696172923,0.9475607220664259,0.9637804896987333,7.347624042540108e-93,0.592718366254511
161,0.6258805329088506,COMPLETE,1.0553336302124172e-07,0.057717937335204146,3.9637170976069025,0.9739140301747956,0.007484637022491691,0.9471448490856229,0.9638961368361554,7.347623619734187e-93,0.5924811457136242
162,0.6255601916492037,COMPLETE,1.0183126368862669e-07,0.05731884556806012,3.9503456134521944,0.9739140304506727,0.007440914086325523,0.9461369330023327,0.9641506335172947,7.347622635590161e-93,0.5919532000771878
163,0.630462837169105,COMPLETE,2.520173593444984e-07,0.06599215966543925,4.07696821634522,0.9739140132783508,0.007775852134183858,0.9644153597998699,0.9614439786918003,7.347683895150406e-93,0.5959920101847497
164,0.6306282140703481,COMPLETE,3.4070243354119493e-07,0.06749166824765628,4.009523686232267,0.9739139964976044,0.00749822498314745,0.9669006918407596,0.962966990261167,7.347743758319553e-93,0.5926451741794657
165,0.6308236086171994,COMPLETE,4.042275464888849e-07,0.06844446444642209,3.9875222359039624,0.973913981408504,0.007401602568028243,0.9683918932190144,0.9634242011121762,7.347797587172606e-93,0.5914783401376073
166,0.6311048730075146,COMPLETE,4.639172660079667e-07,0.06941536552413134,3.9817650831601226,0.9739139646809093,0.007364869394652085,0.9698444957476703,0.9635405255773648,7.3478572616500355e-93,0.5910344707050235
167,0.631105653379729,COMPLETE,4.636002694900241e-07,0.06941350110224949,3.9819930624878657,0.9739139647949916,0.007365732236127132,0.9698417692701703,0.9635359455964638,7.347856854668182e-93,0.591044898652282
168,0.631106225936114,COMPLETE,4.965015696039759e-07,0.06971598795167697,3.9665490431485018,0.9739139545171501,0.007304332667321778,0.9702810071865965,0.9638412518128596,7.347893520357421e-93,0.590302644745
169,0.6310422292772078,COMPLETE,5.32923574816932e-07,0.06992865445758994,3.945784889169308,0.9739139425438558,0.007225343850111199,0.9705860988232268,0.9642356673031086,7.347936234721175e-93,0.5893471509824956
170,0.63081092076724,COMPLETE,5.76424965728849e-07,0.06995724107272129,3.908936271385148,0.9739139271863779,0.007091604458674294,0.9706268769566606,0.9648889774728163,7.34799102241938e-93,0.5877278286394829
171,0.630042174041961,COMPLETE,6.396949555032557e-07,0.069398746058353,3.8253250264691845,0.9739139020988574,0.006801763190344312,0.9698201834875761,0.9661365749030658,7.348080522855698e-93,0.5842119377772018
172,0.6300790310708917,COMPLETE,6.364257684392668e-07,0.06942497456802152,3.8291237865559564,0.9739139034323192,0.006814797696518715,0.9698585439530486,0.9660873417278601,7.348075765665944e-93,0.5843702386026582
173,0.6302950832165128,COMPLETE,6.171997704490693e-07,0.06957903176982436,3.851833070181767,0.9739139113467401,0.006892998085561319,0.9700829081262687,0.9657778285032637,7.348047530647117e-93,0.5853195962365191
174,0.6300637224246444,COMPLETE,6.379144767744525e-07,0.06941483694974415,3.8275101224408745,0.973913902846308,0.006809246389183232,0.9698437227997865,0.9661083454123194,7.348077856289059e-93,0.5843028214864714
175,0.6299829850585992,COMPLETE,6.443293255409361e-07,0.06935237975885435,3.819450380278745,0.9739139001579957,0.00678171558698093,0.969752254780808,0.9662112547232637,7.34808744697971e-93,0.5839684307303249
176,0.630208671638958,COMPLETE,6.234592564709736e-07,0.069509532732885,3.8430025738730644,0.9739139088530528,0.006862674810012237,0.96998189295886,0.9659012490315206,7.348056426965959e-93,0.5849515445654514
177,0.6310436858706845,COMPLETE,5.287962537077464e-07,0.0698971892776044,3.947553964777657,0.9739139439778751,0.007232256858862085,0.9705411510189069,0.9642027907536633,7.3479311188877685e-93,0.5894308017101676
178,0.6311110524108166,COMPLETE,4.915375579212527e-07,0.06967953764678655,3.969178067568912,0.973913956046816,0.007314518401574932,0.9702284084808925,0.9637899934190807,7.347888063339176e-93,0.5904258077432932
179,0.6310501655444876,COMPLETE,4.386276199186433e-07,0.06909080725568528,3.9898839544474085,0.9739139720470952,0.007399945876968794,0.9693662558698981,0.9633760817770567,7.347830983257903e-93,0.5914583245309951
180,0.630809384669334,COMPLETE,3.992453353209076e-07,0.06837549680366505,3.9889870225478337,0.9739139827106066,0.007408112152253454,0.968286170914355,0.9633943838681748,7.347792942036786e-93,0.5915569838948062
181,0.630608420171077,COMPLETE,3.500775319346385e-07,0.06756960845921084,4.001580522040145,0.9739139945301765,0.007467491229812273,0.9670251840961741,0.9631343574879839,7.3477507768991835e-93,0.5922741391001501
182,0.5770073864117325,COMPLETE,2.1879522344406323e-06,0.049540706458051025,2.523000762292049,0.973912431601988,0.003097333530701629,0.9225161477064152,0.8468739243763863,7.353328462447762e-93,0.5386394735641287
183,0.5942521726161042,COMPLETE,1.9454287156065032e-06,0.053025530271664276,2.70845483672904,0.973912771728077,0.0035417525549092943,0.93408962415895,0.8987624950426661,7.352114281120196e-93,0.5441565712628007
184,0.55469909640045,COMPLETE,2.4232226059606227e-06,0.04617087168897473,2.348033294933186,0.9739120642594055,0.0027026260941057645,0.9095821475223668,0.7754827257259813,7.354640025850649e-93,0.533731512353452
185,0.5488741510134747,COMPLETE,2.4754629812591892e-06,0.04541439291281558,2.309192083020364,0.9739119777355577,0.0026183083599675694,0.9064228462995448,0.7563915678469073,7.354948985366138e-93,0.5326821899074468
186,0.5620779150925881,COMPLETE,2.360028228324378e-06,0.047182352921330925,2.400718997274061,0.9739121663395283,0.0028189840914616404,0.9136562233016887,0.7994763576047333,7.3542755346081476e-93,0.5351790794639303
187,0.6304274961273187,COMPLETE,3.165389261376015e-07,0.06692557263881882,4.009749564584423,0.9739140014943417,0.007508154649291443,0.965982763273105,0.9629621931251852,7.3477259330468e-93,0.5927650281109846
188,0.6303610372557277,COMPLETE,3.089358294964686e-07,0.06674004116105144,4.009923813475421,0.9739140030753686,0.00751180156914355,0.9656766132519182,0.9629584910577016,7.347720292928068e-93,0.5928090447132909
189,0.6303571396293017,COMPLETE,3.053015683974564e-07,0.0666896836508107,4.012389883299852,0.9739140037703821,0.007521785160976124,0.9655930596093599,0.9629059645740274,7.347717813554582e-93,0.5929295343338197
190,0.6304153227999627,COMPLETE,3.0164073765294336e-07,0.06672020920021529,4.020392175676884,0.9739140044829505,0.007551139759672032,0.9656437312643803,0.9627338166605549,7.347715271556812e-93,0.5932837432749156
191,0.6306753983972168,COMPLETE,2.9459766313301196e-07,0.06698926375020212,4.048785822313188,0.9739140058207381,0.007652999303466745,0.9660872528286045,0.9621022577753356,7.347710499171072e-93,0.594512082984927
192,0.6304045936912821,COMPLETE,3.122263586509264e-07,0.06683908267391105,4.011184881643547,0.9739140023797523,0.0075148916878239325,0.9658403732684347,0.9629316616745317,7.347722774452763e-93,0.5928463398221621
193,0.630362211919038,COMPLETE,3.091177331573565e-07,0.06674388847519704,4.009885889409521,0.9739140030375605,0.007511595871989685,0.9656829886982984,0.9629592968925409,7.347720427804006e-93,0.5928065620853127
194,0.6304317849749316,COMPLETE,3.191131879070998e-07,0.06696503544127656,4.008062943212387,0.9739140010084293,0.007501245670044399,0.9660475412034413,0.9629979627880306,7.347727666480309e-93,0.5926816359082545
195,0.630539192592841,COMPLETE,3.336398111429799e-07,0.06729025966291924,4.0065106225340905,0.9739139980098098,0.007490266768096165,0.9665768806135825,0.963030781487571,7.347738363699742e-93,0.5925491082702102
196,0.630488408848876,COMPLETE,6.029418581302659e-07,0.06973091909138171,3.872206359810564,0.9739139171229722,0.006963307083747816,0.9703025271788223,0.9654784967158072,7.348026923772481e-93,0.5861726115008745
197,0.62895469533479,COMPLETE,7.809612533785102e-07,0.06883201525723531,3.714368164186908,0.9739138362931381,0.00642345729413718,0.9689796678229818,0.9672290518741916,7.348315291780852e-93,0.5796100616419864
198,0.6290057542999272,COMPLETE,8.41213532298238e-07,0.06906391669538521,3.7113565575060106,0.9739138037489496,0.006410151800402608,0.9693263044767833,0.967248761979878,7.348431399411129e-93,0.5794479507430476
199,0.6281069089315483,COMPLETE,9.314142465289554e-07,0.06824549171064176,3.6444709288106067,0.9739137507426142,0.006193490047964212,0.9680859519332099,0.9675358749209593,7.348620513591121e-93,0.576805808872024
200,0.6285333673050119,COMPLETE,8.9874871414685e-07,0.06865481219420017,3.6743924020831003,0.9739137704563698,0.00628950710497711,0.9687122392306999,0.9674439629763936,7.348550178964804e-93,0.5779772670129539
201,0.6273694828719261,COMPLETE,9.702846610781786e-07,0.06753592820515397,3.59663205924883,0.9739137260637754,0.006042012665933183,0.9669714429256785,0.9675505349593981,7.34870856356017e-93,0.5749559536026277
202,0.6262885491913107,COMPLETE,1.0408620330843063e-06,0.06661215900484442,3.5304267945208667,0.9739136794866946,0.005834252219631408,0.9654640464705478,0.9672747936327829,7.348874745660707e-93,0.5724153566619121
203,0.6262694280761048,COMPLETE,1.0417875587565312e-06,0.06659640714581862,3.5293126390177987,0.9739136788367361,0.005830788431185674,0.9654377759550525,0.9672669693720145,7.34887706467043e-93,0.5723729669773517
